Started: 12/29/2009 2:01:10 PM by CORP\admin_jebrouil

ERROR:  MEAT\ was not added to Meat_Farm~Maximo~Maximo 411 CMS~W
ERROR:  MEAT\ was not added to Meat_Farm~Maximo~Maximo 411 CMS~W
MEAT\aapendle is already a member of Meat_Farm~Maximo~Maximo 411 CMS~W
MEAT\aarroyo3 is already a member of Meat_Farm~Maximo~Maximo 411 CMS~W
MEAT\aashaw is already a member of Meat_Farm~Maximo~Maximo 411 CMS~W
ERROR:  MEAT\ was not added to Meat_Farm~Maximo~Maximo 411 CMS~W
MEAT\aaviles is already a member of Meat_Farm~Maximo~Maximo 411 CMS~W
MEAT\abaxter is already a member of Meat_Farm~Maximo~Maximo 411 CMS~W
MEAT\abecic is already a member of Meat_Farm~Maximo~Maximo 411 CMS~W
MEAT\abhola is already a member of Meat_Farm~Maximo~Maximo 411 CMS~W
MEAT\abil is already a member of Meat_Farm~Maximo~Maximo 411 CMS~W
MEAT\acobb is already a member of Meat_Farm~Maximo~Maximo 411 CMS~W
MEAT\acook1 is already a member of Meat_Farm~Maximo~Maximo 411 CMS~W
ERROR:  MEAT\ was not added to Meat_Farm~Maximo~Maximo 411 CMS~W
ERROR:  MEAT\ was not added to Meat_Farm~Maximo~Maximo 411 CMS~W
ERROR:  MEAT\ was not added to Meat_Farm~Maximo~Maximo 411 CMS~W
MEAT\acwalton is already a member of Meat_Farm~Maximo~Maximo 411 CMS~W
MEAT\adeiulis is already a member of Meat_Farm~Maximo~Maximo 411 CMS~W
MEAT\adesanti is already a member of Meat_Farm~Maximo~Maximo 411 CMS~W
MEAT\adeweese is already a member of Meat_Farm~Maximo~Maximo 411 CMS~W
ERROR:  MEAT\ was not added to Meat_Farm~Maximo~Maximo 411 CMS~W
ERROR:  MEAT\ was not added to Meat_Farm~Maximo~Maximo 411 CMS~W
MEAT\adunker is already a member of Meat_Farm~Maximo~Maximo 411 CMS~W
MEAT\aervin is already a member of Meat_Farm~Maximo~Maximo 411 CMS~W
MEAT\aestrell is already a member of Meat_Farm~Maximo~Maximo 411 CMS~W
MEAT\afiala is already a member of Meat_Farm~Maximo~Maximo 411 CMS~W
MEAT\afinlays is already a member of Meat_Farm~Maximo~Maximo 411 CMS~W
MEAT\afisher1 is already a member of Meat_Farm~Maximo~Maximo 411 CMS~W
MEAT\afrilin1 is already a member of Meat_Farm~Maximo~Maximo 411 CMS~W
ERROR:  MEAT\ was not added to Meat_Farm~Maximo~Maximo 411 CMS~W
ERROR:  MEAT\ was not added to Meat_Farm~Maximo~Maximo 411 CMS~W
MEAT\agarza is already a member of Meat_Farm~Maximo~Maximo 411 CMS~W
ERROR:  MEAT\ was not added to Meat_Farm~Maximo~Maximo 411 CMS~W
MEAT\agravel is already a member of Meat_Farm~Maximo~Maximo 411 CMS~W
MEAT\aharris3 is already a member of Meat_Farm~Maximo~Maximo 411 CMS~W
ERROR:  MEAT\ was not added to Meat_Farm~Maximo~Maximo 411 CMS~W
MEAT\ahnguyen is already a member of Meat_Farm~Maximo~Maximo 411 CMS~W
ERROR:  MEAT\ was not added to Meat_Farm~Maximo~Maximo 411 CMS~W
MEAT\aingram is already a member of Meat_Farm~Maximo~Maximo 411 CMS~W
ERROR:  MEAT\ was not added to Meat_Farm~Maximo~Maximo 411 CMS~W
MEAT\akelley1 is already a member of Meat_Farm~Maximo~Maximo 411 CMS~W
MEAT\akrein is already a member of Meat_Farm~Maximo~Maximo 411 CMS~W
MEAT\akukowsk is already a member of Meat_Farm~Maximo~Maximo 411 CMS~W
MEAT\aladwig is already a member of Meat_Farm~Maximo~Maximo 411 CMS~W
ERROR:  MEAT\ was not added to Meat_Farm~Maximo~Maximo 411 CMS~W
MEAT\alethbri is already a member of Meat_Farm~Maximo~Maximo 411 CMS~W
MEAT\algregor is already a member of Meat_Farm~Maximo~Maximo 411 CMS~W
MEAT\ali4 is already a member of Meat_Farm~Maximo~Maximo 411 CMS~W
MEAT\alsanche is already a member of Meat_Farm~Maximo~Maximo 411 CMS~W
ERROR:  MEAT\ was not added to Meat_Farm~Maximo~Maximo 411 CMS~W
MEAT\amarkey is already a member of Meat_Farm~Maximo~Maximo 411 CMS~W
ERROR:  MEAT\ was not added to Meat_Farm~Maximo~Maximo 411 CMS~W
ERROR:  MEAT\ was not added to Meat_Farm~Maximo~Maximo 411 CMS~W
MEAT\amejos is already a member of Meat_Farm~Maximo~Maximo 411 CMS~W
MEAT\amenzies is already a member of Meat_Farm~Maximo~Maximo 411 CMS~W
MEAT\ammeyer is already a member of Meat_Farm~Maximo~Maximo 411 CMS~W
MEAT\amschuma is already a member of Meat_Farm~Maximo~Maximo 411 CMS~W
ERROR:  MEAT\ was not added to Meat_Farm~Maximo~Maximo 411 CMS~W
MEAT\anfergus is already a member of Meat_Farm~Maximo~Maximo 411 CMS~W
ERROR:  MEAT\ was not added to Meat_Farm~Maximo~Maximo 411 CMS~W
MEAT\anlamphe is already a member of Meat_Farm~Maximo~Maximo 411 CMS~W
MEAT\anlong is already a member of Meat_Farm~Maximo~Maximo 411 CMS~W
MEAT\anmedran is already a member of Meat_Farm~Maximo~Maximo 411 CMS~W
MEAT\anpolk is already a member of Meat_Farm~Maximo~Maximo 411 CMS~W
MEAT\ansalaza is already a member of Meat_Farm~Maximo~Maximo 411 CMS~W
MEAT\anthomse is already a member of Meat_Farm~Maximo~Maximo 411 CMS~W
MEAT\aotani is already a member of Meat_Farm~Maximo~Maximo 411 CMS~W
MEAT\apadill1 is already a member of Meat_Farm~Maximo~Maximo 411 CMS~W
ERROR:  MEAT\ was not added to Meat_Farm~Maximo~Maximo 411 CMS~W
MEAT\aperez36 is already a member of Meat_Farm~Maximo~Maximo 411 CMS~W
MEAT\apfarley is already a member of Meat_Farm~Maximo~Maximo 411 CMS~W
MEAT\arawandu is already a member of Meat_Farm~Maximo~Maximo 411 CMS~W
ERROR:  MEAT\ was not added to Meat_Farm~Maximo~Maximo 411 CMS~W
ERROR:  MEAT\ was not added to Meat_Farm~Maximo~Maximo 411 CMS~W
MEAT\aripic is already a member of Meat_Farm~Maximo~Maximo 411 CMS~W
MEAT\arubero is already a member of Meat_Farm~Maximo~Maximo 411 CMS~W
ERROR:  MEAT\ was not added to Meat_Farm~Maximo~Maximo 411 CMS~W
MEAT\ascharth is already a member of Meat_Farm~Maximo~Maximo 411 CMS~W
MEAT\asebes is already a member of Meat_Farm~Maximo~Maximo 411 CMS~W
MEAT\ashwaib is already a member of Meat_Farm~Maximo~Maximo 411 CMS~W
MEAT\asnead is already a member of Meat_Farm~Maximo~Maximo 411 CMS~W
MEAT\asnowden is already a member of Meat_Farm~Maximo~Maximo 411 CMS~W
MEAT\asommers is already a member of Meat_Farm~Maximo~Maximo 411 CMS~W
MEAT\asteinba is already a member of Meat_Farm~Maximo~Maximo 411 CMS~W
MEAT\asuarezt is already a member of Meat_Farm~Maximo~Maximo 411 CMS~W
MEAT\asuperko is already a member of Meat_Farm~Maximo~Maximo 411 CMS~W
MEAT\atippey is already a member of Meat_Farm~Maximo~Maximo 411 CMS~W
ERROR:  MEAT\ was not added to Meat_Farm~Maximo~Maximo 411 CMS~W
ERROR:  MEAT\ was not added to Meat_Farm~Maximo~Maximo 411 CMS~W
ERROR:  MEAT\ was not added to Meat_Farm~Maximo~Maximo 411 CMS~W
ERROR:  MEAT\ was not added to Meat_Farm~Maximo~Maximo 411 CMS~W
MEAT\awiley is already a member of Meat_Farm~Maximo~Maximo 411 CMS~W
MEAT\azahirni is already a member of Meat_Farm~Maximo~Maximo 411 CMS~W
MEAT\azerr is already a member of Meat_Farm~Maximo~Maximo 411 CMS~W
ERROR:  MEAT\ was not added to Meat_Farm~Maximo~Maximo 411 CMS~W
ERROR:  MEAT\ was not added to Meat_Farm~Maximo~Maximo 411 CMS~W
ERROR:  MEAT\ was not added to Meat_Farm~Maximo~Maximo 411 CMS~W
MEAT\bbaldrid is already a member of Meat_Farm~Maximo~Maximo 411 CMS~W
MEAT\bbeckenh is already a member of Meat_Farm~Maximo~Maximo 411 CMS~W
MEAT\bbenjami is already a member of Meat_Farm~Maximo~Maximo 411 CMS~W
MEAT\bberger is already a member of Meat_Farm~Maximo~Maximo 411 CMS~W
MEAT\bbishop is already a member of Meat_Farm~Maximo~Maximo 411 CMS~W
ERROR:  MEAT\ was not added to Meat_Farm~Maximo~Maximo 411 CMS~W
MEAT\bbudd is already a member of Meat_Farm~Maximo~Maximo 411 CMS~W
MEAT\bburge is already a member of Meat_Farm~Maximo~Maximo 411 CMS~W
MEAT\bburton is already a member of Meat_Farm~Maximo~Maximo 411 CMS~W
MEAT\bcapling is already a member of Meat_Farm~Maximo~Maximo 411 CMS~W
MEAT\bcascadd is already a member of Meat_Farm~Maximo~Maximo 411 CMS~W
MEAT\bcecil is already a member of Meat_Farm~Maximo~Maximo 411 CMS~W
ERROR:  MEAT\ was not added to Meat_Farm~Maximo~Maximo 411 CMS~W
MEAT\bcolaizz is already a member of Meat_Farm~Maximo~Maximo 411 CMS~W
MEAT\bcrump is already a member of Meat_Farm~Maximo~Maximo 411 CMS~W
ERROR:  MEAT\ was not added to Meat_Farm~Maximo~Maximo 411 CMS~W
added MEAT\bdaw to Meat_Farm~Maximo~Maximo 411 CMS~W
MEAT\bdevor is already a member of Meat_Farm~Maximo~Maximo 411 CMS~W
added MEAT\bdo to Meat_Farm~Maximo~Maximo 411 CMS~W
MEAT\bemick is already a member of Meat_Farm~Maximo~Maximo 411 CMS~W
MEAT\bengelso is already a member of Meat_Farm~Maximo~Maximo 411 CMS~W
MEAT\bfiddler is already a member of Meat_Farm~Maximo~Maximo 411 CMS~W
MEAT\bfisher1 is already a member of Meat_Farm~Maximo~Maximo 411 CMS~W
MEAT\bfleming is already a member of Meat_Farm~Maximo~Maximo 411 CMS~W
ERROR:  MEAT\ was not added to Meat_Farm~Maximo~Maximo 411 CMS~W
MEAT\bfoitek is already a member of Meat_Farm~Maximo~Maximo 411 CMS~W
MEAT\bfrancoi is already a member of Meat_Farm~Maximo~Maximo 411 CMS~W
MEAT\bgarber is already a member of Meat_Farm~Maximo~Maximo 411 CMS~W
MEAT\bglosse1 is already a member of Meat_Farm~Maximo~Maximo 411 CMS~W
MEAT\bgravett is already a member of Meat_Farm~Maximo~Maximo 411 CMS~W
MEAT\bgreer is already a member of Meat_Farm~Maximo~Maximo 411 CMS~W
ERROR:  MEAT\ was not added to Meat_Farm~Maximo~Maximo 411 CMS~W
ERROR:  MEAT\ was not added to Meat_Farm~Maximo~Maximo 411 CMS~W
MEAT\bhabte is already a member of Meat_Farm~Maximo~Maximo 411 CMS~W
MEAT\bhannafo is already a member of Meat_Farm~Maximo~Maximo 411 CMS~W
MEAT\bharris2 is already a member of Meat_Farm~Maximo~Maximo 411 CMS~W
MEAT\bharris7 is already a member of Meat_Farm~Maximo~Maximo 411 CMS~W
MEAT\bheinric is already a member of Meat_Farm~Maximo~Maximo 411 CMS~W
MEAT\bhoward is already a member of Meat_Farm~Maximo~Maximo 411 CMS~W
MEAT\bhowe is already a member of Meat_Farm~Maximo~Maximo 411 CMS~W
ERROR:  MEAT\ was not added to Meat_Farm~Maximo~Maximo 411 CMS~W
MEAT\billsmit is already a member of Meat_Farm~Maximo~Maximo 411 CMS~W
ERROR:  MEAT\ was not added to Meat_Farm~Maximo~Maximo 411 CMS~W
ERROR:  MEAT\ was not added to Meat_Farm~Maximo~Maximo 411 CMS~W
MEAT\bjaggar is already a member of Meat_Farm~Maximo~Maximo 411 CMS~W
MEAT\bjroe is already a member of Meat_Farm~Maximo~Maximo 411 CMS~W
MEAT\bkeene is already a member of Meat_Farm~Maximo~Maximo 411 CMS~W
MEAT\bkenney is already a member of Meat_Farm~Maximo~Maximo 411 CMS~W
MEAT\bkrausha is already a member of Meat_Farm~Maximo~Maximo 411 CMS~W
ERROR:  MEAT\ was not added to Meat_Farm~Maximo~Maximo 411 CMS~W
MEAT\blensch is already a member of Meat_Farm~Maximo~Maximo 411 CMS~W
ERROR:  MEAT\ was not added to Meat_Farm~Maximo~Maximo 411 CMS~W
MEAT\bljohnso is already a member of Meat_Farm~Maximo~Maximo 411 CMS~W
ERROR:  MEAT\ was not added to Meat_Farm~Maximo~Maximo 411 CMS~W
MEAT\blutjen is already a member of Meat_Farm~Maximo~Maximo 411 CMS~W
MEAT\bmackenz is already a member of Meat_Farm~Maximo~Maximo 411 CMS~W
ERROR:  MEAT\ was not added to Meat_Farm~Maximo~Maximo 411 CMS~W
MEAT\bmarsha1 is already a member of Meat_Farm~Maximo~Maximo 411 CMS~W
MEAT\bmcclun1 is already a member of Meat_Farm~Maximo~Maximo 411 CMS~W
MEAT\bmckenne is already a member of Meat_Farm~Maximo~Maximo 411 CMS~W
MEAT\bmellor is already a member of Meat_Farm~Maximo~Maximo 411 CMS~W
MEAT\bmiller7 is already a member of Meat_Farm~Maximo~Maximo 411 CMS~W
ERROR:  MEAT\ was not added to Meat_Farm~Maximo~Maximo 411 CMS~W
MEAT\bmorrow is already a member of Meat_Farm~Maximo~Maximo 411 CMS~W
MEAT\bmsalina is already a member of Meat_Farm~Maximo~Maximo 411 CMS~W
MEAT\bmulder is already a member of Meat_Farm~Maximo~Maximo 411 CMS~W
MEAT\bnevares is already a member of Meat_Farm~Maximo~Maximo 411 CMS~W
MEAT\bnixa is already a member of Meat_Farm~Maximo~Maximo 411 CMS~W
MEAT\bobrown is already a member of Meat_Farm~Maximo~Maximo 411 CMS~W
ERROR:  MEAT\ was not added to Meat_Farm~Maximo~Maximo 411 CMS~W
MEAT\bpaladin is already a member of Meat_Farm~Maximo~Maximo 411 CMS~W
ERROR:  MEAT\ was not added to Meat_Farm~Maximo~Maximo 411 CMS~W
MEAT\bphillip is already a member of Meat_Farm~Maximo~Maximo 411 CMS~W
MEAT\bpriestn is already a member of Meat_Farm~Maximo~Maximo 411 CMS~W
MEAT\bragan is already a member of Meat_Farm~Maximo~Maximo 411 CMS~W
MEAT\brbeard is already a member of Meat_Farm~Maximo~Maximo 411 CMS~W
MEAT\brenner is already a member of Meat_Farm~Maximo~Maximo 411 CMS~W
MEAT\brjacobs is already a member of Meat_Farm~Maximo~Maximo 411 CMS~W
ERROR:  MEAT\ was not added to Meat_Farm~Maximo~Maximo 411 CMS~W
MEAT\brmacken is already a member of Meat_Farm~Maximo~Maximo 411 CMS~W
MEAT\brobbins is already a member of Meat_Farm~Maximo~Maximo 411 CMS~W
MEAT\brobins1 is already a member of Meat_Farm~Maximo~Maximo 411 CMS~W
ERROR:  MEAT\ was not added to Meat_Farm~Maximo~Maximo 411 CMS~W
MEAT\brschlit is already a member of Meat_Farm~Maximo~Maximo 411 CMS~W
MEAT\brsponau is already a member of Meat_Farm~Maximo~Maximo 411 CMS~W
ERROR:  MEAT\ was not added to Meat_Farm~Maximo~Maximo 411 CMS~W
MEAT\bschrein is already a member of Meat_Farm~Maximo~Maximo 411 CMS~W
MEAT\bshafer is already a member of Meat_Farm~Maximo~Maximo 411 CMS~W
MEAT\bsharma is already a member of Meat_Farm~Maximo~Maximo 411 CMS~W
ERROR:  MEAT\ was not added to Meat_Farm~Maximo~Maximo 411 CMS~W
MEAT\bshowalt is already a member of Meat_Farm~Maximo~Maximo 411 CMS~W
MEAT\bsickler is already a member of Meat_Farm~Maximo~Maximo 411 CMS~W
ERROR:  MEAT\ was not added to Meat_Farm~Maximo~Maximo 411 CMS~W
ERROR:  MEAT\ was not added to Meat_Farm~Maximo~Maximo 411 CMS~W
MEAT\bstieren is already a member of Meat_Farm~Maximo~Maximo 411 CMS~W
MEAT\bttaylor is already a member of Meat_Farm~Maximo~Maximo 411 CMS~W
MEAT\bwalters is already a member of Meat_Farm~Maximo~Maximo 411 CMS~W
MEAT\bwien is already a member of Meat_Farm~Maximo~Maximo 411 CMS~W
MEAT\bwilhelm is already a member of Meat_Farm~Maximo~Maximo 411 CMS~W
ERROR:  MEAT\ was not added to Meat_Farm~Maximo~Maximo 411 CMS~W
MEAT\bwise1 is already a member of Meat_Farm~Maximo~Maximo 411 CMS~W
ERROR:  MEAT\ was not added to Meat_Farm~Maximo~Maximo 411 CMS~W
MEAT\bywillia is already a member of Meat_Farm~Maximo~Maximo 411 CMS~W
MEAT\cabarrer is already a member of Meat_Farm~Maximo~Maximo 411 CMS~W
ERROR:  MEAT\ was not added to Meat_Farm~Maximo~Maximo 411 CMS~W
MEAT\cables is already a member of Meat_Farm~Maximo~Maximo 411 CMS~W
MEAT\cacantre is already a member of Meat_Farm~Maximo~Maximo 411 CMS~W
MEAT\cackley is already a member of Meat_Farm~Maximo~Maximo 411 CMS~W
MEAT\cadam is already a member of Meat_Farm~Maximo~Maximo 411 CMS~W
MEAT\caestrad is already a member of Meat_Farm~Maximo~Maximo 411 CMS~W
MEAT\cahumada is already a member of Meat_Farm~Maximo~Maximo 411 CMS~W
MEAT\caortiz is already a member of Meat_Farm~Maximo~Maximo 411 CMS~W
ERROR:  MEAT\ was not added to Meat_Farm~Maximo~Maximo 411 CMS~W
ERROR:  MEAT\ was not added to Meat_Farm~Maximo~Maximo 411 CMS~W
MEAT\cavandep is already a member of Meat_Farm~Maximo~Maximo 411 CMS~W
MEAT\cbaby is already a member of Meat_Farm~Maximo~Maximo 411 CMS~W
MEAT\cbayles is already a member of Meat_Farm~Maximo~Maximo 411 CMS~W
ERROR:  MEAT\ was not added to Meat_Farm~Maximo~Maximo 411 CMS~W
MEAT\cbeger is already a member of Meat_Farm~Maximo~Maximo 411 CMS~W
MEAT\cbeinhar is already a member of Meat_Farm~Maximo~Maximo 411 CMS~W
ERROR:  MEAT\ was not added to Meat_Farm~Maximo~Maximo 411 CMS~W
ERROR:  MEAT\ was not added to Meat_Farm~Maximo~Maximo 411 CMS~W
ERROR:  MEAT\ was not added to Meat_Farm~Maximo~Maximo 411 CMS~W
MEAT\ccenteno is already a member of Meat_Farm~Maximo~Maximo 411 CMS~W
MEAT\ccheek is already a member of Meat_Farm~Maximo~Maximo 411 CMS~W
MEAT\ccobb is already a member of Meat_Farm~Maximo~Maximo 411 CMS~W
MEAT\ccrabtre is already a member of Meat_Farm~Maximo~Maximo 411 CMS~W
MEAT\ccroghan is already a member of Meat_Farm~Maximo~Maximo 411 CMS~W
MEAT\cdarmant is already a member of Meat_Farm~Maximo~Maximo 411 CMS~W
MEAT\cdeaster is already a member of Meat_Farm~Maximo~Maximo 411 CMS~W
ERROR:  MEAT\ was not added to Meat_Farm~Maximo~Maximo 411 CMS~W
MEAT\cdiebal is already a member of Meat_Farm~Maximo~Maximo 411 CMS~W
MEAT\cdietric is already a member of Meat_Farm~Maximo~Maximo 411 CMS~W
ERROR:  MEAT\ was not added to Meat_Farm~Maximo~Maximo 411 CMS~W
MEAT\cdudzik is already a member of Meat_Farm~Maximo~Maximo 411 CMS~W
MEAT\cfeilbac is already a member of Meat_Farm~Maximo~Maximo 411 CMS~W
MEAT\cfrischm is already a member of Meat_Farm~Maximo~Maximo 411 CMS~W
MEAT\cgamble is already a member of Meat_Farm~Maximo~Maximo 411 CMS~W
ERROR:  MEAT\ was not added to Meat_Farm~Maximo~Maximo 411 CMS~W
MEAT\cgenerea is already a member of Meat_Farm~Maximo~Maximo 411 CMS~W
MEAT\cgrant1 is already a member of Meat_Farm~Maximo~Maximo 411 CMS~W
added MEAT\cgriepen to Meat_Farm~Maximo~Maximo 411 CMS~W
ERROR:  MEAT\ was not added to Meat_Farm~Maximo~Maximo 411 CMS~W
MEAT\chammill is already a member of Meat_Farm~Maximo~Maximo 411 CMS~W
MEAT\chankins is already a member of Meat_Farm~Maximo~Maximo 411 CMS~W
MEAT\chcobb is already a member of Meat_Farm~Maximo~Maximo 411 CMS~W
MEAT\chedrick is already a member of Meat_Farm~Maximo~Maximo 411 CMS~W
MEAT\cheisel is already a member of Meat_Farm~Maximo~Maximo 411 CMS~W
MEAT\chharden is already a member of Meat_Farm~Maximo~Maximo 411 CMS~W
ERROR:  MEAT\ was not added to Meat_Farm~Maximo~Maximo 411 CMS~W
MEAT\chilyer is already a member of Meat_Farm~Maximo~Maximo 411 CMS~W
MEAT\chknapp is already a member of Meat_Farm~Maximo~Maximo 411 CMS~W
MEAT\chmoreno is already a member of Meat_Farm~Maximo~Maximo 411 CMS~W
MEAT\chodder is already a member of Meat_Farm~Maximo~Maximo 411 CMS~W
MEAT\chofstet is already a member of Meat_Farm~Maximo~Maximo 411 CMS~W
ERROR:  MEAT\ was not added to Meat_Farm~Maximo~Maximo 411 CMS~W
MEAT\chsun is already a member of Meat_Farm~Maximo~Maximo 411 CMS~W
MEAT\cimhoff is already a member of Meat_Farm~Maximo~Maximo 411 CMS~W
ERROR:  MEAT\ was not added to Meat_Farm~Maximo~Maximo 411 CMS~W
ERROR:  MEAT\ was not added to Meat_Farm~Maximo~Maximo 411 CMS~W
MEAT\ckatschm is already a member of Meat_Farm~Maximo~Maximo 411 CMS~W
MEAT\ckerr is already a member of Meat_Farm~Maximo~Maximo 411 CMS~W
ERROR:  MEAT\ was not added to Meat_Farm~Maximo~Maximo 411 CMS~W
MEAT\ckogut is already a member of Meat_Farm~Maximo~Maximo 411 CMS~W
MEAT\clannon is already a member of Meat_Farm~Maximo~Maximo 411 CMS~W
MEAT\clarmay is already a member of Meat_Farm~Maximo~Maximo 411 CMS~W
ERROR:  MEAT\ was not added to Meat_Farm~Maximo~Maximo 411 CMS~W
MEAT\cleftwic is already a member of Meat_Farm~Maximo~Maximo 411 CMS~W
MEAT\clewis5 is already a member of Meat_Farm~Maximo~Maximo 411 CMS~W
MEAT\cleyende is already a member of Meat_Farm~Maximo~Maximo 411 CMS~W
ERROR:  MEAT\ was not added to Meat_Farm~Maximo~Maximo 411 CMS~W
MEAT\clukes is already a member of Meat_Farm~Maximo~Maximo 411 CMS~W
MEAT\clutjelu is already a member of Meat_Farm~Maximo~Maximo 411 CMS~W
MEAT\clynch is already a member of Meat_Farm~Maximo~Maximo 411 CMS~W
MEAT\cmarti36 is already a member of Meat_Farm~Maximo~Maximo 411 CMS~W
MEAT\cmashimi is already a member of Meat_Farm~Maximo~Maximo 411 CMS~W
ERROR:  MEAT\ was not added to Meat_Farm~Maximo~Maximo 411 CMS~W
MEAT\cmcbee is already a member of Meat_Farm~Maximo~Maximo 411 CMS~W
MEAT\cmckinne is already a member of Meat_Farm~Maximo~Maximo 411 CMS~W
MEAT\cmille19 is already a member of Meat_Farm~Maximo~Maximo 411 CMS~W
MEAT\cmwillia is already a member of Meat_Farm~Maximo~Maximo 411 CMS~W
MEAT\cnation is already a member of Meat_Farm~Maximo~Maximo 411 CMS~W
MEAT\cnelson7 is already a member of Meat_Farm~Maximo~Maximo 411 CMS~W
MEAT\comenefe is already a member of Meat_Farm~Maximo~Maximo 411 CMS~W
ERROR:  MEAT\ was not added to Meat_Farm~Maximo~Maximo 411 CMS~W
MEAT\coverstr is already a member of Meat_Farm~Maximo~Maximo 411 CMS~W
MEAT\cowright is already a member of Meat_Farm~Maximo~Maximo 411 CMS~W
ERROR:  MEAT\ was not added to Meat_Farm~Maximo~Maximo 411 CMS~W
ERROR:  MEAT\ was not added to Meat_Farm~Maximo~Maximo 411 CMS~W
ERROR:  MEAT\ was not added to Meat_Farm~Maximo~Maximo 411 CMS~W
MEAT\cramm is already a member of Meat_Farm~Maximo~Maximo 411 CMS~W
ERROR:  MEAT\ was not added to Meat_Farm~Maximo~Maximo 411 CMS~W
added MEAT\croche to Meat_Farm~Maximo~Maximo 411 CMS~W
ERROR:  MEAT\ was not added to Meat_Farm~Maximo~Maximo 411 CMS~W
MEAT\crunion is already a member of Meat_Farm~Maximo~Maximo 411 CMS~W
ERROR:  MEAT\ was not added to Meat_Farm~Maximo~Maximo 411 CMS~W
MEAT\cschrum is already a member of Meat_Farm~Maximo~Maximo 411 CMS~W
MEAT\cseawrig is already a member of Meat_Farm~Maximo~Maximo 411 CMS~W
ERROR:  MEAT\ was not added to Meat_Farm~Maximo~Maximo 411 CMS~W
ERROR:  MEAT\ was not added to Meat_Farm~Maximo~Maximo 411 CMS~W
ERROR:  MEAT\ was not added to Meat_Farm~Maximo~Maximo 411 CMS~W
MEAT\cstanfor is already a member of Meat_Farm~Maximo~Maximo 411 CMS~W
MEAT\cstickne is already a member of Meat_Farm~Maximo~Maximo 411 CMS~W
MEAT\cstiles1 is already a member of Meat_Farm~Maximo~Maximo 411 CMS~W
MEAT\cstorvol is already a member of Meat_Farm~Maximo~Maximo 411 CMS~W
MEAT\ctawse is already a member of Meat_Farm~Maximo~Maximo 411 CMS~W
MEAT\ctemple is already a member of Meat_Farm~Maximo~Maximo 411 CMS~W
MEAT\ctreadwa is already a member of Meat_Farm~Maximo~Maximo 411 CMS~W
MEAT\cturnbou is already a member of Meat_Farm~Maximo~Maximo 411 CMS~W
MEAT\cwaters1 is already a member of Meat_Farm~Maximo~Maximo 411 CMS~W
MEAT\cwatson1 is already a member of Meat_Farm~Maximo~Maximo 411 CMS~W
MEAT\cwest is already a member of Meat_Farm~Maximo~Maximo 411 CMS~W
ERROR:  MEAT\ was not added to Meat_Farm~Maximo~Maximo 411 CMS~W
MEAT\cwise is already a member of Meat_Farm~Maximo~Maximo 411 CMS~W
MEAT\cwissar is already a member of Meat_Farm~Maximo~Maximo 411 CMS~W
MEAT\cyziola is already a member of Meat_Farm~Maximo~Maximo 411 CMS~W
MEAT\dabbott is already a member of Meat_Farm~Maximo~Maximo 411 CMS~W
MEAT\dabeauch is already a member of Meat_Farm~Maximo~Maximo 411 CMS~W
MEAT\dacantre is already a member of Meat_Farm~Maximo~Maximo 411 CMS~W
ERROR:  MEAT\ was not added to Meat_Farm~Maximo~Maximo 411 CMS~W
ERROR:  MEAT\ was not added to Meat_Farm~Maximo~Maximo 411 CMS~W
MEAT\dadyer is already a member of Meat_Farm~Maximo~Maximo 411 CMS~W
MEAT\dagallag is already a member of Meat_Farm~Maximo~Maximo 411 CMS~W
MEAT\dahamlin is already a member of Meat_Farm~Maximo~Maximo 411 CMS~W
MEAT\danders4 is already a member of Meat_Farm~Maximo~Maximo 411 CMS~W
MEAT\dapeller is already a member of Meat_Farm~Maximo~Maximo 411 CMS~W
MEAT\daruiz is already a member of Meat_Farm~Maximo~Maximo 411 CMS~W
MEAT\dassmann is already a member of Meat_Farm~Maximo~Maximo 411 CMS~W
MEAT\dastewar is already a member of Meat_Farm~Maximo~Maximo 411 CMS~W
MEAT\dathiele is already a member of Meat_Farm~Maximo~Maximo 411 CMS~W
MEAT\dawarren is already a member of Meat_Farm~Maximo~Maximo 411 CMS~W
MEAT\dballast is already a member of Meat_Farm~Maximo~Maximo 411 CMS~W
MEAT\dbarber is already a member of Meat_Farm~Maximo~Maximo 411 CMS~W
MEAT\dbarkley is already a member of Meat_Farm~Maximo~Maximo 411 CMS~W
MEAT\dbarta is already a member of Meat_Farm~Maximo~Maximo 411 CMS~W
MEAT\dbassler is already a member of Meat_Farm~Maximo~Maximo 411 CMS~W
MEAT\dbeshers is already a member of Meat_Farm~Maximo~Maximo 411 CMS~W
MEAT\dblatz is already a member of Meat_Farm~Maximo~Maximo 411 CMS~W
MEAT\dblum is already a member of Meat_Farm~Maximo~Maximo 411 CMS~W
MEAT\dbonhame is already a member of Meat_Farm~Maximo~Maximo 411 CMS~W
MEAT\dbox is already a member of Meat_Farm~Maximo~Maximo 411 CMS~W
added MEAT\dboyd to Meat_Farm~Maximo~Maximo 411 CMS~W
MEAT\dbrisco is already a member of Meat_Farm~Maximo~Maximo 411 CMS~W
MEAT\dbrodacz is already a member of Meat_Farm~Maximo~Maximo 411 CMS~W
ERROR:  MEAT\ was not added to Meat_Farm~Maximo~Maximo 411 CMS~W
MEAT\dcalico is already a member of Meat_Farm~Maximo~Maximo 411 CMS~W
ERROR:  MEAT\ was not added to Meat_Farm~Maximo~Maximo 411 CMS~W
MEAT\dchabot is already a member of Meat_Farm~Maximo~Maximo 411 CMS~W
MEAT\dchenaul is already a member of Meat_Farm~Maximo~Maximo 411 CMS~W
MEAT\dclifton is already a member of Meat_Farm~Maximo~Maximo 411 CMS~W
MEAT\dconte is already a member of Meat_Farm~Maximo~Maximo 411 CMS~W
ERROR:  MEAT\ was not added to Meat_Farm~Maximo~Maximo 411 CMS~W
MEAT\dcruiksh is already a member of Meat_Farm~Maximo~Maximo 411 CMS~W
MEAT\dcruz1 is already a member of Meat_Farm~Maximo~Maximo 411 CMS~W
ERROR:  MEAT\ was not added to Meat_Farm~Maximo~Maximo 411 CMS~W
MEAT\ddantoni is already a member of Meat_Farm~Maximo~Maximo 411 CMS~W
ERROR:  MEAT\ was not added to Meat_Farm~Maximo~Maximo 411 CMS~W
ERROR:  MEAT\ was not added to Meat_Farm~Maximo~Maximo 411 CMS~W
MEAT\ddepew is already a member of Meat_Farm~Maximo~Maximo 411 CMS~W
added MEAT\ddhill to Meat_Farm~Maximo~Maximo 411 CMS~W
MEAT\ddhillon is already a member of Meat_Farm~Maximo~Maximo 411 CMS~W
MEAT\ddobbins is already a member of Meat_Farm~Maximo~Maximo 411 CMS~W
ERROR:  MEAT\ was not added to Meat_Farm~Maximo~Maximo 411 CMS~W
MEAT\ddrach is already a member of Meat_Farm~Maximo~Maximo 411 CMS~W
MEAT\dduffey is already a member of Meat_Farm~Maximo~Maximo 411 CMS~W
MEAT\dduran is already a member of Meat_Farm~Maximo~Maximo 411 CMS~W
ERROR:  MEAT\ was not added to Meat_Farm~Maximo~Maximo 411 CMS~W
MEAT\debartle is already a member of Meat_Farm~Maximo~Maximo 411 CMS~W
ERROR:  MEAT\ was not added to Meat_Farm~Maximo~Maximo 411 CMS~W
MEAT\decarloc is already a member of Meat_Farm~Maximo~Maximo 411 CMS~W
ERROR:  MEAT\ was not added to Meat_Farm~Maximo~Maximo 411 CMS~W
MEAT\dekoch is already a member of Meat_Farm~Maximo~Maximo 411 CMS~W
ERROR:  MEAT\ was not added to Meat_Farm~Maximo~Maximo 411 CMS~W
MEAT\demeek is already a member of Meat_Farm~Maximo~Maximo 411 CMS~W
MEAT\demontel is already a member of Meat_Farm~Maximo~Maximo 411 CMS~W
MEAT\dengelha is already a member of Meat_Farm~Maximo~Maximo 411 CMS~W
MEAT\desparz1 is already a member of Meat_Farm~Maximo~Maximo 411 CMS~W
MEAT\desquibe is already a member of Meat_Farm~Maximo~Maximo 411 CMS~W
MEAT\dewalter is already a member of Meat_Farm~Maximo~Maximo 411 CMS~W
MEAT\dfarquha is already a member of Meat_Farm~Maximo~Maximo 411 CMS~W
MEAT\dfarr is already a member of Meat_Farm~Maximo~Maximo 411 CMS~W
MEAT\dfish is already a member of Meat_Farm~Maximo~Maximo 411 CMS~W
MEAT\dford5 is already a member of Meat_Farm~Maximo~Maximo 411 CMS~W
MEAT\dfrotz is already a member of Meat_Farm~Maximo~Maximo 411 CMS~W
ERROR:  MEAT\ was not added to Meat_Farm~Maximo~Maximo 411 CMS~W
MEAT\dgastro is already a member of Meat_Farm~Maximo~Maximo 411 CMS~W
ERROR:  MEAT\ was not added to Meat_Farm~Maximo~Maximo 411 CMS~W
MEAT\dgreatho is already a member of Meat_Farm~Maximo~Maximo 411 CMS~W
ERROR:  MEAT\ was not added to Meat_Farm~Maximo~Maximo 411 CMS~W
MEAT\dgrohols is already a member of Meat_Farm~Maximo~Maximo 411 CMS~W
ERROR:  MEAT\ was not added to Meat_Farm~Maximo~Maximo 411 CMS~W
ERROR:  MEAT\ was not added to Meat_Farm~Maximo~Maximo 411 CMS~W
MEAT\dhammer is already a member of Meat_Farm~Maximo~Maximo 411 CMS~W
MEAT\dhayden is already a member of Meat_Farm~Maximo~Maximo 411 CMS~W
MEAT\dheadley is already a member of Meat_Farm~Maximo~Maximo 411 CMS~W
MEAT\dhenders is already a member of Meat_Farm~Maximo~Maximo 411 CMS~W
MEAT\dherrick is already a member of Meat_Farm~Maximo~Maximo 411 CMS~W
ERROR:  MEAT\ was not added to Meat_Farm~Maximo~Maximo 411 CMS~W
MEAT\dholahan is already a member of Meat_Farm~Maximo~Maximo 411 CMS~W
MEAT\dhooper is already a member of Meat_Farm~Maximo~Maximo 411 CMS~W
MEAT\dhuffman is already a member of Meat_Farm~Maximo~Maximo 411 CMS~W
MEAT\dihall is already a member of Meat_Farm~Maximo~Maximo 411 CMS~W
MEAT\dilong is already a member of Meat_Farm~Maximo~Maximo 411 CMS~W
MEAT\diwasiuk is already a member of Meat_Farm~Maximo~Maximo 411 CMS~W
MEAT\djakub is already a member of Meat_Farm~Maximo~Maximo 411 CMS~W
ERROR:  MEAT\ was not added to Meat_Farm~Maximo~Maximo 411 CMS~W
ERROR:  MEAT\ was not added to Meat_Farm~Maximo~Maximo 411 CMS~W
MEAT\djobe is already a member of Meat_Farm~Maximo~Maximo 411 CMS~W
ERROR:  MEAT\ was not added to Meat_Farm~Maximo~Maximo 411 CMS~W
ERROR:  MEAT\ was not added to Meat_Farm~Maximo~Maximo 411 CMS~W
ERROR:  MEAT\ was not added to Meat_Farm~Maximo~Maximo 411 CMS~W
MEAT\djporter is already a member of Meat_Farm~Maximo~Maximo 411 CMS~W
MEAT\dkepple is already a member of Meat_Farm~Maximo~Maximo 411 CMS~W
MEAT\dkernes is already a member of Meat_Farm~Maximo~Maximo 411 CMS~W
MEAT\dklaiber is already a member of Meat_Farm~Maximo~Maximo 411 CMS~W
ERROR:  MEAT\ was not added to Meat_Farm~Maximo~Maximo 411 CMS~W
ERROR:  MEAT\ was not added to Meat_Farm~Maximo~Maximo 411 CMS~W
MEAT\dkuker is already a member of Meat_Farm~Maximo~Maximo 411 CMS~W
MEAT\dkumm is already a member of Meat_Farm~Maximo~Maximo 411 CMS~W
MEAT\dlagrang is already a member of Meat_Farm~Maximo~Maximo 411 CMS~W
MEAT\dlee9 is already a member of Meat_Farm~Maximo~Maximo 411 CMS~W
ERROR:  MEAT\ was not added to Meat_Farm~Maximo~Maximo 411 CMS~W
MEAT\dlimbach is already a member of Meat_Farm~Maximo~Maximo 411 CMS~W
MEAT\dlmcafee is already a member of Meat_Farm~Maximo~Maximo 411 CMS~W
added MEAT\dlo to Meat_Farm~Maximo~Maximo 411 CMS~W
MEAT\dlopez19 is already a member of Meat_Farm~Maximo~Maximo 411 CMS~W
ERROR:  MEAT\ was not added to Meat_Farm~Maximo~Maximo 411 CMS~W
MEAT\dlucches is already a member of Meat_Farm~Maximo~Maximo 411 CMS~W
MEAT\dlusche is already a member of Meat_Farm~Maximo~Maximo 411 CMS~W
MEAT\dmacpher is already a member of Meat_Farm~Maximo~Maximo 411 CMS~W
MEAT\dmaldon4 is already a member of Meat_Farm~Maximo~Maximo 411 CMS~W
ERROR:  MEAT\ was not added to Meat_Farm~Maximo~Maximo 411 CMS~W
MEAT\dmares is already a member of Meat_Farm~Maximo~Maximo 411 CMS~W
ERROR:  MEAT\ was not added to Meat_Farm~Maximo~Maximo 411 CMS~W
MEAT\dmarti31 is already a member of Meat_Farm~Maximo~Maximo 411 CMS~W
ERROR:  MEAT\ was not added to Meat_Farm~Maximo~Maximo 411 CMS~W
ERROR:  MEAT\ was not added to Meat_Farm~Maximo~Maximo 411 CMS~W
MEAT\dmckilli is already a member of Meat_Farm~Maximo~Maximo 411 CMS~W
MEAT\dmcmulli is already a member of Meat_Farm~Maximo~Maximo 411 CMS~W
MEAT\dmcox is already a member of Meat_Farm~Maximo~Maximo 411 CMS~W
ERROR:  MEAT\ was not added to Meat_Farm~Maximo~Maximo 411 CMS~W
MEAT\dmetzler is already a member of Meat_Farm~Maximo~Maximo 411 CMS~W
MEAT\dmoats is already a member of Meat_Farm~Maximo~Maximo 411 CMS~W
MEAT\dmojica is already a member of Meat_Farm~Maximo~Maximo 411 CMS~W
MEAT\dmoore4 is already a member of Meat_Farm~Maximo~Maximo 411 CMS~W
MEAT\dmosley is already a member of Meat_Farm~Maximo~Maximo 411 CMS~W
ERROR:  MEAT\ was not added to Meat_Farm~Maximo~Maximo 411 CMS~W
ERROR:  MEAT\ was not added to Meat_Farm~Maximo~Maximo 411 CMS~W
MEAT\dmuldown is already a member of Meat_Farm~Maximo~Maximo 411 CMS~W
MEAT\dnece is already a member of Meat_Farm~Maximo~Maximo 411 CMS~W
MEAT\dnelson3 is already a member of Meat_Farm~Maximo~Maximo 411 CMS~W
ERROR:  MEAT\ was not added to Meat_Farm~Maximo~Maximo 411 CMS~W
ERROR:  MEAT\ was not added to Meat_Farm~Maximo~Maximo 411 CMS~W
MEAT\docook is already a member of Meat_Farm~Maximo~Maximo 411 CMS~W
MEAT\dohumble is already a member of Meat_Farm~Maximo~Maximo 411 CMS~W
MEAT\dojuarez is already a member of Meat_Farm~Maximo~Maximo 411 CMS~W
MEAT\domorale is already a member of Meat_Farm~Maximo~Maximo 411 CMS~W
MEAT\doriri is already a member of Meat_Farm~Maximo~Maximo 411 CMS~W
MEAT\dosanche is already a member of Meat_Farm~Maximo~Maximo 411 CMS~W
ERROR:  MEAT\ was not added to Meat_Farm~Maximo~Maximo 411 CMS~W
MEAT\dparrish is already a member of Meat_Farm~Maximo~Maximo 411 CMS~W
MEAT\dpaton is already a member of Meat_Farm~Maximo~Maximo 411 CMS~W
ERROR:  MEAT\ was not added to Meat_Farm~Maximo~Maximo 411 CMS~W
MEAT\dpeterma is already a member of Meat_Farm~Maximo~Maximo 411 CMS~W
ERROR:  MEAT\ was not added to Meat_Farm~Maximo~Maximo 411 CMS~W
ERROR:  MEAT\ was not added to Meat_Farm~Maximo~Maximo 411 CMS~W
ERROR:  MEAT\ was not added to Meat_Farm~Maximo~Maximo 411 CMS~W
MEAT\dprather is already a member of Meat_Farm~Maximo~Maximo 411 CMS~W
MEAT\dprose is already a member of Meat_Farm~Maximo~Maximo 411 CMS~W
MEAT\dpsmith is already a member of Meat_Farm~Maximo~Maximo 411 CMS~W
MEAT\dranker is already a member of Meat_Farm~Maximo~Maximo 411 CMS~W
MEAT\drcooper is already a member of Meat_Farm~Maximo~Maximo 411 CMS~W
MEAT\drela is already a member of Meat_Farm~Maximo~Maximo 411 CMS~W
ERROR:  MEAT\ was not added to Meat_Farm~Maximo~Maximo 411 CMS~W
MEAT\drichar5 is already a member of Meat_Farm~Maximo~Maximo 411 CMS~W
MEAT\drios is already a member of Meat_Farm~Maximo~Maximo 411 CMS~W
MEAT\drobert1 is already a member of Meat_Farm~Maximo~Maximo 411 CMS~W
ERROR:  MEAT\ was not added to Meat_Farm~Maximo~Maximo 411 CMS~W
MEAT\dsakkali is already a member of Meat_Farm~Maximo~Maximo 411 CMS~W
MEAT\dschache is already a member of Meat_Farm~Maximo~Maximo 411 CMS~W
ERROR:  MEAT\ was not added to Meat_Farm~Maximo~Maximo 411 CMS~W
MEAT\dshipe is already a member of Meat_Farm~Maximo~Maximo 411 CMS~W
MEAT\dsilva9 is already a member of Meat_Farm~Maximo~Maximo 411 CMS~W
MEAT\dsobczyk is already a member of Meat_Farm~Maximo~Maximo 411 CMS~W
ERROR:  MEAT\ was not added to Meat_Farm~Maximo~Maximo 411 CMS~W
ERROR:  MEAT\ was not added to Meat_Farm~Maximo~Maximo 411 CMS~W
MEAT\dstauber is already a member of Meat_Farm~Maximo~Maximo 411 CMS~W
MEAT\dstephe3 is already a member of Meat_Farm~Maximo~Maximo 411 CMS~W
MEAT\dsuperko is already a member of Meat_Farm~Maximo~Maximo 411 CMS~W
MEAT\dtaber is already a member of Meat_Farm~Maximo~Maximo 411 CMS~W
MEAT\dtome is already a member of Meat_Farm~Maximo~Maximo 411 CMS~W
MEAT\dtorres6 is already a member of Meat_Farm~Maximo~Maximo 411 CMS~W
ERROR:  MEAT\ was not added to Meat_Farm~Maximo~Maximo 411 CMS~W
ERROR:  MEAT\ was not added to Meat_Farm~Maximo~Maximo 411 CMS~W
MEAT\dutoft is already a member of Meat_Farm~Maximo~Maximo 411 CMS~W
ERROR:  MEAT\ was not added to Meat_Farm~Maximo~Maximo 411 CMS~W
MEAT\dwalklin is already a member of Meat_Farm~Maximo~Maximo 411 CMS~W
MEAT\dwathen is already a member of Meat_Farm~Maximo~Maximo 411 CMS~W
ERROR:  MEAT\ was not added to Meat_Farm~Maximo~Maximo 411 CMS~W
MEAT\dwhitele is already a member of Meat_Farm~Maximo~Maximo 411 CMS~W
MEAT\dwilson4 is already a member of Meat_Farm~Maximo~Maximo 411 CMS~W
MEAT\dxberg is already a member of Meat_Farm~Maximo~Maximo 411 CMS~W
MEAT\dyarasav is already a member of Meat_Farm~Maximo~Maximo 411 CMS~W
MEAT\dyenchik is already a member of Meat_Farm~Maximo~Maximo 411 CMS~W
MEAT\dzaeske is already a member of Meat_Farm~Maximo~Maximo 411 CMS~W
ERROR:  MEAT\ was not added to Meat_Farm~Maximo~Maximo 411 CMS~W
MEAT\dzuffa is already a member of Meat_Farm~Maximo~Maximo 411 CMS~W
ERROR:  MEAT\ was not added to Meat_Farm~Maximo~Maximo 411 CMS~W
MEAT\eaylor is already a member of Meat_Farm~Maximo~Maximo 411 CMS~W
MEAT\ebarber is already a member of Meat_Farm~Maximo~Maximo 411 CMS~W
MEAT\ebell1 is already a member of Meat_Farm~Maximo~Maximo 411 CMS~W
MEAT\echarest is already a member of Meat_Farm~Maximo~Maximo 411 CMS~W
ERROR:  MEAT\ was not added to Meat_Farm~Maximo~Maximo 411 CMS~W
MEAT\ecopelan is already a member of Meat_Farm~Maximo~Maximo 411 CMS~W
MEAT\edelagar is already a member of Meat_Farm~Maximo~Maximo 411 CMS~W
ERROR:  MEAT\ was not added to Meat_Farm~Maximo~Maximo 411 CMS~W
MEAT\edrake is already a member of Meat_Farm~Maximo~Maximo 411 CMS~W
MEAT\edramire is already a member of Meat_Farm~Maximo~Maximo 411 CMS~W
MEAT\edreyna is already a member of Meat_Farm~Maximo~Maximo 411 CMS~W
ERROR:  MEAT\ was not added to Meat_Farm~Maximo~Maximo 411 CMS~W
MEAT\egarcia1 is already a member of Meat_Farm~Maximo~Maximo 411 CMS~W
MEAT\egirven is already a member of Meat_Farm~Maximo~Maximo 411 CMS~W
MEAT\ehelie is already a member of Meat_Farm~Maximo~Maximo 411 CMS~W
MEAT\ehiscock is already a member of Meat_Farm~Maximo~Maximo 411 CMS~W
MEAT\ejobe is already a member of Meat_Farm~Maximo~Maximo 411 CMS~W
MEAT\ekasko is already a member of Meat_Farm~Maximo~Maximo 411 CMS~W
MEAT\eklassen is already a member of Meat_Farm~Maximo~Maximo 411 CMS~W
ERROR:  MEAT\ was not added to Meat_Farm~Maximo~Maximo 411 CMS~W
MEAT\elunger is already a member of Meat_Farm~Maximo~Maximo 411 CMS~W
ERROR:  MEAT\ was not added to Meat_Farm~Maximo~Maximo 411 CMS~W
MEAT\enbaraja is already a member of Meat_Farm~Maximo~Maximo 411 CMS~W
ERROR:  MEAT\ was not added to Meat_Farm~Maximo~Maximo 411 CMS~W
MEAT\enquinon is already a member of Meat_Farm~Maximo~Maximo 411 CMS~W
ERROR:  MEAT\ was not added to Meat_Farm~Maximo~Maximo 411 CMS~W
MEAT\eozdamar is already a member of Meat_Farm~Maximo~Maximo 411 CMS~W
ERROR:  MEAT\ was not added to Meat_Farm~Maximo~Maximo 411 CMS~W
MEAT\eperry is already a member of Meat_Farm~Maximo~Maximo 411 CMS~W
MEAT\erahim is already a member of Meat_Farm~Maximo~Maximo 411 CMS~W
MEAT\erindahl is already a member of Meat_Farm~Maximo~Maximo 411 CMS~W
ERROR:  MEAT\ was not added to Meat_Farm~Maximo~Maximo 411 CMS~W
MEAT\erkeeney is already a member of Meat_Farm~Maximo~Maximo 411 CMS~W
MEAT\eroche is already a member of Meat_Farm~Maximo~Maximo 411 CMS~W
MEAT\eroe is already a member of Meat_Farm~Maximo~Maximo 411 CMS~W
ERROR:  MEAT\ was not added to Meat_Farm~Maximo~Maximo 411 CMS~W
MEAT\ertaylor is already a member of Meat_Farm~Maximo~Maximo 411 CMS~W
ERROR:  MEAT\ was not added to Meat_Farm~Maximo~Maximo 411 CMS~W
ERROR:  MEAT\ was not added to Meat_Farm~Maximo~Maximo 411 CMS~W
MEAT\estryker is already a member of Meat_Farm~Maximo~Maximo 411 CMS~W
ERROR:  MEAT\ was not added to Meat_Farm~Maximo~Maximo 411 CMS~W
MEAT\evallej2 is already a member of Meat_Farm~Maximo~Maximo 411 CMS~W
MEAT\evanderp is already a member of Meat_Farm~Maximo~Maximo 411 CMS~W
MEAT\evest is already a member of Meat_Farm~Maximo~Maximo 411 CMS~W
MEAT\evivian is already a member of Meat_Farm~Maximo~Maximo 411 CMS~W
ERROR:  MEAT\ was not added to Meat_Farm~Maximo~Maximo 411 CMS~W
MEAT\ewallis is already a member of Meat_Farm~Maximo~Maximo 411 CMS~W
MEAT\fabdilla is already a member of Meat_Farm~Maximo~Maximo 411 CMS~W
MEAT\fanders1 is already a member of Meat_Farm~Maximo~Maximo 411 CMS~W
MEAT\farroyos is already a member of Meat_Farm~Maximo~Maximo 411 CMS~W
MEAT\fbermea is already a member of Meat_Farm~Maximo~Maximo 411 CMS~W
MEAT\fcalis is already a member of Meat_Farm~Maximo~Maximo 411 CMS~W
MEAT\fceja is already a member of Meat_Farm~Maximo~Maximo 411 CMS~W
MEAT\fcelesti is already a member of Meat_Farm~Maximo~Maximo 411 CMS~W
MEAT\fcontrer is already a member of Meat_Farm~Maximo~Maximo 411 CMS~W
MEAT\fequinon is already a member of Meat_Farm~Maximo~Maximo 411 CMS~W
ERROR:  MEAT\ was not added to Meat_Farm~Maximo~Maximo 411 CMS~W
ERROR:  MEAT\ was not added to Meat_Farm~Maximo~Maximo 411 CMS~W
ERROR:  MEAT\ was not added to Meat_Farm~Maximo~Maximo 411 CMS~W
MEAT\ffrelka is already a member of Meat_Farm~Maximo~Maximo 411 CMS~W
MEAT\fhensley is already a member of Meat_Farm~Maximo~Maximo 411 CMS~W
MEAT\fknoll is already a member of Meat_Farm~Maximo~Maximo 411 CMS~W
ERROR:  MEAT\ was not added to Meat_Farm~Maximo~Maximo 411 CMS~W
MEAT\fmiddlet is already a member of Meat_Farm~Maximo~Maximo 411 CMS~W
MEAT\fmueller is already a member of Meat_Farm~Maximo~Maximo 411 CMS~W
MEAT\fnovak is already a member of Meat_Farm~Maximo~Maximo 411 CMS~W
MEAT\frcelest is already a member of Meat_Farm~Maximo~Maximo 411 CMS~W
MEAT\frsoto is already a member of Meat_Farm~Maximo~Maximo 411 CMS~W
ERROR:  MEAT\ was not added to Meat_Farm~Maximo~Maximo 411 CMS~W
MEAT\fwillis is already a member of Meat_Farm~Maximo~Maximo 411 CMS~W
MEAT\fwines is already a member of Meat_Farm~Maximo~Maximo 411 CMS~W
MEAT\gagarcia is already a member of Meat_Farm~Maximo~Maximo 411 CMS~W
ERROR:  MEAT\ was not added to Meat_Farm~Maximo~Maximo 411 CMS~W
MEAT\gallam is already a member of Meat_Farm~Maximo~Maximo 411 CMS~W
MEAT\galujan is already a member of Meat_Farm~Maximo~Maximo 411 CMS~W
MEAT\garinze is already a member of Meat_Farm~Maximo~Maximo 411 CMS~W
ERROR:  MEAT\ was not added to Meat_Farm~Maximo~Maximo 411 CMS~W
ERROR:  MEAT\ was not added to Meat_Farm~Maximo~Maximo 411 CMS~W
MEAT\gberthia is already a member of Meat_Farm~Maximo~Maximo 411 CMS~W
MEAT\gbertola is already a member of Meat_Farm~Maximo~Maximo 411 CMS~W
ERROR:  MEAT\ was not added to Meat_Farm~Maximo~Maximo 411 CMS~W
MEAT\gcansino is already a member of Meat_Farm~Maximo~Maximo 411 CMS~W
ERROR:  MEAT\ was not added to Meat_Farm~Maximo~Maximo 411 CMS~W
MEAT\gcrum is already a member of Meat_Farm~Maximo~Maximo 411 CMS~W
MEAT\gdenny is already a member of Meat_Farm~Maximo~Maximo 411 CMS~W
MEAT\gdirksen is already a member of Meat_Farm~Maximo~Maximo 411 CMS~W
ERROR:  MEAT\ was not added to Meat_Farm~Maximo~Maximo 411 CMS~W
MEAT\gdurrer is already a member of Meat_Farm~Maximo~Maximo 411 CMS~W
MEAT\gdykstra is already a member of Meat_Farm~Maximo~Maximo 411 CMS~W
MEAT\gebaker is already a member of Meat_Farm~Maximo~Maximo 411 CMS~W
MEAT\gechacon is already a member of Meat_Farm~Maximo~Maximo 411 CMS~W
ERROR:  MEAT\ was not added to Meat_Farm~Maximo~Maximo 411 CMS~W
MEAT\gesears is already a member of Meat_Farm~Maximo~Maximo 411 CMS~W
MEAT\geybel is already a member of Meat_Farm~Maximo~Maximo 411 CMS~W
ERROR:  MEAT\ was not added to Meat_Farm~Maximo~Maximo 411 CMS~W
ERROR:  MEAT\ was not added to Meat_Farm~Maximo~Maximo 411 CMS~W
MEAT\ggabbard is already a member of Meat_Farm~Maximo~Maximo 411 CMS~W
MEAT\ggaray is already a member of Meat_Farm~Maximo~Maximo 411 CMS~W
MEAT\ggarci19 is already a member of Meat_Farm~Maximo~Maximo 411 CMS~W
MEAT\ggarcia9 is already a member of Meat_Farm~Maximo~Maximo 411 CMS~W
MEAT\ggaskell is already a member of Meat_Farm~Maximo~Maximo 411 CMS~W
MEAT\ggaulton is already a member of Meat_Farm~Maximo~Maximo 411 CMS~W
MEAT\ggoldsbo is already a member of Meat_Farm~Maximo~Maximo 411 CMS~W
ERROR:  MEAT\ was not added to Meat_Farm~Maximo~Maximo 411 CMS~W
MEAT\ggrand is already a member of Meat_Farm~Maximo~Maximo 411 CMS~W
MEAT\ghajek is already a member of Meat_Farm~Maximo~Maximo 411 CMS~W
MEAT\gheady is already a member of Meat_Farm~Maximo~Maximo 411 CMS~W
MEAT\ghunter is already a member of Meat_Farm~Maximo~Maximo 411 CMS~W
ERROR:  MEAT\ was not added to Meat_Farm~Maximo~Maximo 411 CMS~W
ERROR:  MEAT\ was not added to Meat_Farm~Maximo~Maximo 411 CMS~W
MEAT\gkohler is already a member of Meat_Farm~Maximo~Maximo 411 CMS~W
MEAT\gkornels is already a member of Meat_Farm~Maximo~Maximo 411 CMS~W
ERROR:  MEAT\ was not added to Meat_Farm~Maximo~Maximo 411 CMS~W
MEAT\gmarett is already a member of Meat_Farm~Maximo~Maximo 411 CMS~W
MEAT\gmason is already a member of Meat_Farm~Maximo~Maximo 411 CMS~W
MEAT\gmcdona1 is already a member of Meat_Farm~Maximo~Maximo 411 CMS~W
MEAT\gmcdonal is already a member of Meat_Farm~Maximo~Maximo 411 CMS~W
MEAT\gmcgarra is already a member of Meat_Farm~Maximo~Maximo 411 CMS~W
MEAT\gmeyeraa is already a member of Meat_Farm~Maximo~Maximo 411 CMS~W
MEAT\gmiklasz is already a member of Meat_Farm~Maximo~Maximo 411 CMS~W
ERROR:  MEAT\ was not added to Meat_Farm~Maximo~Maximo 411 CMS~W
MEAT\gmonroe is already a member of Meat_Farm~Maximo~Maximo 411 CMS~W
MEAT\gmoore is already a member of Meat_Farm~Maximo~Maximo 411 CMS~W
ERROR:  MEAT\ was not added to Meat_Farm~Maximo~Maximo 411 CMS~W
MEAT\gnguyen1 is already a member of Meat_Farm~Maximo~Maximo 411 CMS~W
ERROR:  MEAT\ was not added to Meat_Farm~Maximo~Maximo 411 CMS~W
MEAT\gparish is already a member of Meat_Farm~Maximo~Maximo 411 CMS~W
MEAT\gpatrick is already a member of Meat_Farm~Maximo~Maximo 411 CMS~W
MEAT\gridings is already a member of Meat_Farm~Maximo~Maximo 411 CMS~W
added MEAT\griff to Meat_Farm~Maximo~Maximo 411 CMS~W
MEAT\groach is already a member of Meat_Farm~Maximo~Maximo 411 CMS~W
MEAT\grocha is already a member of Meat_Farm~Maximo~Maximo 411 CMS~W
MEAT\grsalas is already a member of Meat_Farm~Maximo~Maximo 411 CMS~W
MEAT\gscully is already a member of Meat_Farm~Maximo~Maximo 411 CMS~W
ERROR:  MEAT\ was not added to Meat_Farm~Maximo~Maximo 411 CMS~W
MEAT\gsierra is already a member of Meat_Farm~Maximo~Maximo 411 CMS~W
ERROR:  MEAT\ was not added to Meat_Farm~Maximo~Maximo 411 CMS~W
MEAT\gsmith6 is already a member of Meat_Farm~Maximo~Maximo 411 CMS~W
MEAT\gstaplet is already a member of Meat_Farm~Maximo~Maximo 411 CMS~W
MEAT\gtinna is already a member of Meat_Farm~Maximo~Maximo 411 CMS~W
MEAT\gugarza is already a member of Meat_Farm~Maximo~Maximo 411 CMS~W
MEAT\gumora is already a member of Meat_Farm~Maximo~Maximo 411 CMS~W
ERROR:  MEAT\ was not added to Meat_Farm~Maximo~Maximo 411 CMS~W
MEAT\gwelch is already a member of Meat_Farm~Maximo~Maximo 411 CMS~W
MEAT\gwhite is already a member of Meat_Farm~Maximo~Maximo 411 CMS~W
ERROR:  MEAT\ was not added to Meat_Farm~Maximo~Maximo 411 CMS~W
MEAT\hadney is already a member of Meat_Farm~Maximo~Maximo 411 CMS~W
MEAT\hakelley is already a member of Meat_Farm~Maximo~Maximo 411 CMS~W
MEAT\hallen is already a member of Meat_Farm~Maximo~Maximo 411 CMS~W
MEAT\halsayed is already a member of Meat_Farm~Maximo~Maximo 411 CMS~W
MEAT\hangle is already a member of Meat_Farm~Maximo~Maximo 411 CMS~W
MEAT\hapham is already a member of Meat_Farm~Maximo~Maximo 411 CMS~W
MEAT\harregui is already a member of Meat_Farm~Maximo~Maximo 411 CMS~W
ERROR:  MEAT\ was not added to Meat_Farm~Maximo~Maximo 411 CMS~W
MEAT\hclanaha is already a member of Meat_Farm~Maximo~Maximo 411 CMS~W
MEAT\hcobb1 is already a member of Meat_Farm~Maximo~Maximo 411 CMS~W
ERROR:  MEAT\ was not added to Meat_Farm~Maximo~Maximo 411 CMS~W
MEAT\heasley is already a member of Meat_Farm~Maximo~Maximo 411 CMS~W
ERROR:  MEAT\ was not added to Meat_Farm~Maximo~Maximo 411 CMS~W
MEAT\hemarks is already a member of Meat_Farm~Maximo~Maximo 411 CMS~W
MEAT\hfouts is already a member of Meat_Farm~Maximo~Maximo 411 CMS~W
MEAT\hharriso is already a member of Meat_Farm~Maximo~Maximo 411 CMS~W
ERROR:  MEAT\ was not added to Meat_Farm~Maximo~Maximo 411 CMS~W
MEAT\hkrepel is already a member of Meat_Farm~Maximo~Maximo 411 CMS~W
ERROR:  MEAT\ was not added to Meat_Farm~Maximo~Maximo 411 CMS~W
MEAT\hohernan is already a member of Meat_Farm~Maximo~Maximo 411 CMS~W
MEAT\hpacheco is already a member of Meat_Farm~Maximo~Maximo 411 CMS~W
MEAT\hrosencr is already a member of Meat_Farm~Maximo~Maximo 411 CMS~W
MEAT\hsayed is already a member of Meat_Farm~Maximo~Maximo 411 CMS~W
MEAT\hschwanz is already a member of Meat_Farm~Maximo~Maximo 411 CMS~W
MEAT\hsitas is already a member of Meat_Farm~Maximo~Maximo 411 CMS~W
MEAT\hstone is already a member of Meat_Farm~Maximo~Maximo 411 CMS~W
ERROR:  MEAT\ was not added to Meat_Farm~Maximo~Maximo 411 CMS~W
MEAT\htubb is already a member of Meat_Farm~Maximo~Maximo 411 CMS~W
MEAT\hward is already a member of Meat_Farm~Maximo~Maximo 411 CMS~W
MEAT\hwoten is already a member of Meat_Farm~Maximo~Maximo 411 CMS~W
ERROR:  MEAT\ was not added to Meat_Farm~Maximo~Maximo 411 CMS~W
ERROR:  MEAT\ was not added to Meat_Farm~Maximo~Maximo 411 CMS~W
ERROR:  MEAT\ was not added to Meat_Farm~Maximo~Maximo 411 CMS~W
MEAT\ibaeza is already a member of Meat_Farm~Maximo~Maximo 411 CMS~W
ERROR:  MEAT\ was not added to Meat_Farm~Maximo~Maximo 411 CMS~W
ERROR:  MEAT\ was not added to Meat_Farm~Maximo~Maximo 411 CMS~W
ERROR:  MEAT\ was not added to Meat_Farm~Maximo~Maximo 411 CMS~W
ERROR:  MEAT\ was not added to Meat_Farm~Maximo~Maximo 411 CMS~W
ERROR:  MEAT\ was not added to Meat_Farm~Maximo~Maximo 411 CMS~W
MEAT\ireneau is already a member of Meat_Farm~Maximo~Maximo 411 CMS~W
ERROR:  MEAT\ was not added to Meat_Farm~Maximo~Maximo 411 CMS~W
ERROR:  MEAT\ was not added to Meat_Farm~Maximo~Maximo 411 CMS~W
ERROR:  MEAT\ was not added to Meat_Farm~Maximo~Maximo 411 CMS~W
ERROR:  MEAT\ was not added to Meat_Farm~Maximo~Maximo 411 CMS~W
MEAT\jabudden is already a member of Meat_Farm~Maximo~Maximo 411 CMS~W
added MEAT\jacker to Meat_Farm~Maximo~Maximo 411 CMS~W
MEAT\jadams is already a member of Meat_Farm~Maximo~Maximo 411 CMS~W
MEAT\jadcock is already a member of Meat_Farm~Maximo~Maximo 411 CMS~W
ERROR:  MEAT\ was not added to Meat_Farm~Maximo~Maximo 411 CMS~W
MEAT\jahaines is already a member of Meat_Farm~Maximo~Maximo 411 CMS~W
MEAT\jairwin is already a member of Meat_Farm~Maximo~Maximo 411 CMS~W
MEAT\jaknox is already a member of Meat_Farm~Maximo~Maximo 411 CMS~W
MEAT\jalane is already a member of Meat_Farm~Maximo~Maximo 411 CMS~W
MEAT\jallyn is already a member of Meat_Farm~Maximo~Maximo 411 CMS~W
MEAT\jander22 is already a member of Meat_Farm~Maximo~Maximo 411 CMS~W
ERROR:  MEAT\ was not added to Meat_Farm~Maximo~Maximo 411 CMS~W
ERROR:  MEAT\ was not added to Meat_Farm~Maximo~Maximo 411 CMS~W
MEAT\jaquinon is already a member of Meat_Farm~Maximo~Maximo 411 CMS~W
MEAT\jarella4 is already a member of Meat_Farm~Maximo~Maximo 411 CMS~W
MEAT\jarella5 is already a member of Meat_Farm~Maximo~Maximo 411 CMS~W
MEAT\jausmus is already a member of Meat_Farm~Maximo~Maximo 411 CMS~W
MEAT\jawooley is already a member of Meat_Farm~Maximo~Maximo 411 CMS~W
MEAT\jbains is already a member of Meat_Farm~Maximo~Maximo 411 CMS~W
MEAT\jbakker is already a member of Meat_Farm~Maximo~Maximo 411 CMS~W
MEAT\jbarrer1 is already a member of Meat_Farm~Maximo~Maximo 411 CMS~W
MEAT\jbeatson is already a member of Meat_Farm~Maximo~Maximo 411 CMS~W
MEAT\jbell5 is already a member of Meat_Farm~Maximo~Maximo 411 CMS~W
MEAT\jbinkle is already a member of Meat_Farm~Maximo~Maximo 411 CMS~W
MEAT\jbirkey is already a member of Meat_Farm~Maximo~Maximo 411 CMS~W
MEAT\jblakey is already a member of Meat_Farm~Maximo~Maximo 411 CMS~W
MEAT\jboeck is already a member of Meat_Farm~Maximo~Maximo 411 CMS~W
MEAT\jborcher is already a member of Meat_Farm~Maximo~Maximo 411 CMS~W
MEAT\jbouchar is already a member of Meat_Farm~Maximo~Maximo 411 CMS~W
MEAT\jbowens is already a member of Meat_Farm~Maximo~Maximo 411 CMS~W
MEAT\jbrawley is already a member of Meat_Farm~Maximo~Maximo 411 CMS~W
ERROR:  MEAT\ was not added to Meat_Farm~Maximo~Maximo 411 CMS~W
ERROR:  MEAT\ was not added to Meat_Farm~Maximo~Maximo 411 CMS~W
ERROR:  MEAT\ was not added to Meat_Farm~Maximo~Maximo 411 CMS~W
ERROR:  MEAT\ was not added to Meat_Farm~Maximo~Maximo 411 CMS~W
ERROR:  MEAT\ was not added to Meat_Farm~Maximo~Maximo 411 CMS~W
ERROR:  MEAT\ was not added to Meat_Farm~Maximo~Maximo 411 CMS~W
MEAT\jbwarren is already a member of Meat_Farm~Maximo~Maximo 411 CMS~W
added MEAT\jcampos to Meat_Farm~Maximo~Maximo 411 CMS~W
ERROR:  MEAT\ was not added to Meat_Farm~Maximo~Maximo 411 CMS~W
MEAT\jcapern is already a member of Meat_Farm~Maximo~Maximo 411 CMS~W
MEAT\jcarstai is already a member of Meat_Farm~Maximo~Maximo 411 CMS~W
MEAT\jcastil8 is already a member of Meat_Farm~Maximo~Maximo 411 CMS~W
ERROR:  MEAT\ was not added to Meat_Farm~Maximo~Maximo 411 CMS~W
ERROR:  MEAT\ was not added to Meat_Farm~Maximo~Maximo 411 CMS~W
ERROR:  MEAT\ was not added to Meat_Farm~Maximo~Maximo 411 CMS~W
MEAT\jclinch is already a member of Meat_Farm~Maximo~Maximo 411 CMS~W
MEAT\jcolling is already a member of Meat_Farm~Maximo~Maximo 411 CMS~W
MEAT\jcombs is already a member of Meat_Farm~Maximo~Maximo 411 CMS~W
MEAT\jcouch is already a member of Meat_Farm~Maximo~Maximo 411 CMS~W
ERROR:  MEAT\ was not added to Meat_Farm~Maximo~Maximo 411 CMS~W
ERROR:  MEAT\ was not added to Meat_Farm~Maximo~Maximo 411 CMS~W
ERROR:  MEAT\ was not added to Meat_Farm~Maximo~Maximo 411 CMS~W
ERROR:  MEAT\ was not added to Meat_Farm~Maximo~Maximo 411 CMS~W
MEAT\jdbrisco is already a member of Meat_Farm~Maximo~Maximo 411 CMS~W
MEAT\jdeberg is already a member of Meat_Farm~Maximo~Maximo 411 CMS~W
MEAT\jdeford is already a member of Meat_Farm~Maximo~Maximo 411 CMS~W
MEAT\jdelao is already a member of Meat_Farm~Maximo~Maximo 411 CMS~W
MEAT\jdelapaz is already a member of Meat_Farm~Maximo~Maximo 411 CMS~W
ERROR:  MEAT\ was not added to Meat_Farm~Maximo~Maximo 411 CMS~W
MEAT\jdessure is already a member of Meat_Farm~Maximo~Maximo 411 CMS~W
MEAT\jdiazzar is already a member of Meat_Farm~Maximo~Maximo 411 CMS~W
MEAT\jdivis is already a member of Meat_Farm~Maximo~Maximo 411 CMS~W
MEAT\jdomingu is already a member of Meat_Farm~Maximo~Maximo 411 CMS~W
ERROR:  MEAT\ was not added to Meat_Farm~Maximo~Maximo 411 CMS~W
MEAT\jdordolo is already a member of Meat_Farm~Maximo~Maximo 411 CMS~W
MEAT\jeaquino is already a member of Meat_Farm~Maximo~Maximo 411 CMS~W
MEAT\jebahr is already a member of Meat_Farm~Maximo~Maximo 411 CMS~W
MEAT\jeconnel is already a member of Meat_Farm~Maximo~Maximo 411 CMS~W
MEAT\jeden is already a member of Meat_Farm~Maximo~Maximo 411 CMS~W
ERROR:  MEAT\ was not added to Meat_Farm~Maximo~Maximo 411 CMS~W
MEAT\jeengelh is already a member of Meat_Farm~Maximo~Maximo 411 CMS~W
MEAT\jeespino is already a member of Meat_Farm~Maximo~Maximo 411 CMS~W
MEAT\jelliott is already a member of Meat_Farm~Maximo~Maximo 411 CMS~W
ERROR:  MEAT\ was not added to Meat_Farm~Maximo~Maximo 411 CMS~W
MEAT\jemoyers is already a member of Meat_Farm~Maximo~Maximo 411 CMS~W
MEAT\jenowens is already a member of Meat_Farm~Maximo~Maximo 411 CMS~W
MEAT\jeoliver is already a member of Meat_Farm~Maximo~Maximo 411 CMS~W
MEAT\jerenter is already a member of Meat_Farm~Maximo~Maximo 411 CMS~W
MEAT\jerice is already a member of Meat_Farm~Maximo~Maximo 411 CMS~W
MEAT\jewall is already a member of Meat_Farm~Maximo~Maximo 411 CMS~W
MEAT\jeyoung is already a member of Meat_Farm~Maximo~Maximo 411 CMS~W
ERROR:  MEAT\ was not added to Meat_Farm~Maximo~Maximo 411 CMS~W
MEAT\jfaulds is already a member of Meat_Farm~Maximo~Maximo 411 CMS~W
MEAT\jflores6 is already a member of Meat_Farm~Maximo~Maximo 411 CMS~W
MEAT\jflynn is already a member of Meat_Farm~Maximo~Maximo 411 CMS~W
MEAT\jforbes is already a member of Meat_Farm~Maximo~Maximo 411 CMS~W
ERROR:  MEAT\ was not added to Meat_Farm~Maximo~Maximo 411 CMS~W
MEAT\jgalvan4 is already a member of Meat_Farm~Maximo~Maximo 411 CMS~W
MEAT\jgammuac is already a member of Meat_Farm~Maximo~Maximo 411 CMS~W
MEAT\jgebauer is already a member of Meat_Farm~Maximo~Maximo 411 CMS~W
ERROR:  MEAT\ was not added to Meat_Farm~Maximo~Maximo 411 CMS~W
ERROR:  MEAT\ was not added to Meat_Farm~Maximo~Maximo 411 CMS~W
MEAT\jgillig is already a member of Meat_Farm~Maximo~Maximo 411 CMS~W
MEAT\jgpeters is already a member of Meat_Farm~Maximo~Maximo 411 CMS~W
MEAT\jgraber is already a member of Meat_Farm~Maximo~Maximo 411 CMS~W
MEAT\jgreer is already a member of Meat_Farm~Maximo~Maximo 411 CMS~W
ERROR:  MEAT\ was not added to Meat_Farm~Maximo~Maximo 411 CMS~W
ERROR:  MEAT\ was not added to Meat_Farm~Maximo~Maximo 411 CMS~W
ERROR:  MEAT\ was not added to Meat_Farm~Maximo~Maximo 411 CMS~W
ERROR:  MEAT\ was not added to Meat_Farm~Maximo~Maximo 411 CMS~W
MEAT\jhagen1 is already a member of Meat_Farm~Maximo~Maximo 411 CMS~W
MEAT\jhaines1 is already a member of Meat_Farm~Maximo~Maximo 411 CMS~W
added MEAT\jhall to Meat_Farm~Maximo~Maximo 411 CMS~W
ERROR:  MEAT\ was not added to Meat_Farm~Maximo~Maximo 411 CMS~W
ERROR:  MEAT\ was not added to Meat_Farm~Maximo~Maximo 411 CMS~W
MEAT\jharri10 is already a member of Meat_Farm~Maximo~Maximo 411 CMS~W
MEAT\jharri15 is already a member of Meat_Farm~Maximo~Maximo 411 CMS~W
MEAT\jhostetl is already a member of Meat_Farm~Maximo~Maximo 411 CMS~W
MEAT\jhwhitmo is already a member of Meat_Farm~Maximo~Maximo 411 CMS~W
MEAT\jijohnst is already a member of Meat_Farm~Maximo~Maximo 411 CMS~W
MEAT\jikunkel is already a member of Meat_Farm~Maximo~Maximo 411 CMS~W
MEAT\jipollar is already a member of Meat_Farm~Maximo~Maximo 411 CMS~W
MEAT\jitreon is already a member of Meat_Farm~Maximo~Maximo 411 CMS~W
ERROR:  MEAT\ was not added to Meat_Farm~Maximo~Maximo 411 CMS~W
MEAT\jjeffre2 is already a member of Meat_Farm~Maximo~Maximo 411 CMS~W
MEAT\jjennen is already a member of Meat_Farm~Maximo~Maximo 411 CMS~W
ERROR:  MEAT\ was not added to Meat_Farm~Maximo~Maximo 411 CMS~W
ERROR:  MEAT\ was not added to Meat_Farm~Maximo~Maximo 411 CMS~W
MEAT\jjohns31 is already a member of Meat_Farm~Maximo~Maximo 411 CMS~W
MEAT\jjohns48 is already a member of Meat_Farm~Maximo~Maximo 411 CMS~W
MEAT\jjorns is already a member of Meat_Farm~Maximo~Maximo 411 CMS~W
MEAT\jkingdon is already a member of Meat_Farm~Maximo~Maximo 411 CMS~W
MEAT\jkinney is already a member of Meat_Farm~Maximo~Maximo 411 CMS~W
ERROR:  MEAT\ was not added to Meat_Farm~Maximo~Maximo 411 CMS~W
MEAT\jkloski is already a member of Meat_Farm~Maximo~Maximo 411 CMS~W
MEAT\jkrehe is already a member of Meat_Farm~Maximo~Maximo 411 CMS~W
MEAT\jkriewal is already a member of Meat_Farm~Maximo~Maximo 411 CMS~W
MEAT\jkrobert is already a member of Meat_Farm~Maximo~Maximo 411 CMS~W
ERROR:  MEAT\ was not added to Meat_Farm~Maximo~Maximo 411 CMS~W
MEAT\jkurt is already a member of Meat_Farm~Maximo~Maximo 411 CMS~W
MEAT\jladwig is already a member of Meat_Farm~Maximo~Maximo 411 CMS~W
MEAT\jlambe is already a member of Meat_Farm~Maximo~Maximo 411 CMS~W
ERROR:  MEAT\ was not added to Meat_Farm~Maximo~Maximo 411 CMS~W
ERROR:  MEAT\ was not added to Meat_Farm~Maximo~Maximo 411 CMS~W
ERROR:  MEAT\ was not added to Meat_Farm~Maximo~Maximo 411 CMS~W
MEAT\jlblackw is already a member of Meat_Farm~Maximo~Maximo 411 CMS~W
MEAT\jlemer is already a member of Meat_Farm~Maximo~Maximo 411 CMS~W
MEAT\jlemeuse is already a member of Meat_Farm~Maximo~Maximo 411 CMS~W
MEAT\jlhorne is already a member of Meat_Farm~Maximo~Maximo 411 CMS~W
MEAT\jlimkema is already a member of Meat_Farm~Maximo~Maximo 411 CMS~W
MEAT\jlouis is already a member of Meat_Farm~Maximo~Maximo 411 CMS~W
MEAT\jluider is already a member of Meat_Farm~Maximo~Maximo 411 CMS~W
MEAT\jlwhitak is already a member of Meat_Farm~Maximo~Maximo 411 CMS~W
MEAT\jmachmue is already a member of Meat_Farm~Maximo~Maximo 411 CMS~W
ERROR:  MEAT\ was not added to Meat_Farm~Maximo~Maximo 411 CMS~W
ERROR:  MEAT\ was not added to Meat_Farm~Maximo~Maximo 411 CMS~W
MEAT\jmarxsen is already a member of Meat_Farm~Maximo~Maximo 411 CMS~W
ERROR:  MEAT\ was not added to Meat_Farm~Maximo~Maximo 411 CMS~W
MEAT\jmayfiel is already a member of Meat_Farm~Maximo~Maximo 411 CMS~W
MEAT\jmcintos is already a member of Meat_Farm~Maximo~Maximo 411 CMS~W
ERROR:  MEAT\ was not added to Meat_Farm~Maximo~Maximo 411 CMS~W
MEAT\jmcqueen is already a member of Meat_Farm~Maximo~Maximo 411 CMS~W
ERROR:  MEAT\ was not added to Meat_Farm~Maximo~Maximo 411 CMS~W
ERROR:  MEAT\ was not added to Meat_Farm~Maximo~Maximo 411 CMS~W
MEAT\jmerritt is already a member of Meat_Farm~Maximo~Maximo 411 CMS~W
ERROR:  MEAT\ was not added to Meat_Farm~Maximo~Maximo 411 CMS~W
MEAT\jmolina7 is already a member of Meat_Farm~Maximo~Maximo 411 CMS~W
ERROR:  MEAT\ was not added to Meat_Farm~Maximo~Maximo 411 CMS~W
ERROR:  MEAT\ was not added to Meat_Farm~Maximo~Maximo 411 CMS~W
MEAT\jmueller is already a member of Meat_Farm~Maximo~Maximo 411 CMS~W
MEAT\jmummery is already a member of Meat_Farm~Maximo~Maximo 411 CMS~W
MEAT\jmuse is already a member of Meat_Farm~Maximo~Maximo 411 CMS~W
MEAT\jnash is already a member of Meat_Farm~Maximo~Maximo 411 CMS~W
ERROR:  MEAT\ was not added to Meat_Farm~Maximo~Maximo 411 CMS~W
ERROR:  MEAT\ was not added to Meat_Farm~Maximo~Maximo 411 CMS~W
ERROR:  MEAT\ was not added to Meat_Farm~Maximo~Maximo 411 CMS~W
MEAT\joalaniz is already a member of Meat_Farm~Maximo~Maximo 411 CMS~W
MEAT\jobrooks is already a member of Meat_Farm~Maximo~Maximo 411 CMS~W
MEAT\jochacon is already a member of Meat_Farm~Maximo~Maximo 411 CMS~W
MEAT\jocharan is already a member of Meat_Farm~Maximo~Maximo 411 CMS~W
ERROR:  MEAT\ was not added to Meat_Farm~Maximo~Maximo 411 CMS~W
ERROR:  MEAT\ was not added to Meat_Farm~Maximo~Maximo 411 CMS~W
MEAT\jocovarr is already a member of Meat_Farm~Maximo~Maximo 411 CMS~W
MEAT\joenciso is already a member of Meat_Farm~Maximo~Maximo 411 CMS~W
MEAT\joerwin is already a member of Meat_Farm~Maximo~Maximo 411 CMS~W
ERROR:  MEAT\ was not added to Meat_Farm~Maximo~Maximo 411 CMS~W
ERROR:  MEAT\ was not added to Meat_Farm~Maximo~Maximo 411 CMS~W
MEAT\johnport is already a member of Meat_Farm~Maximo~Maximo 411 CMS~W
MEAT\johunter is already a member of Meat_Farm~Maximo~Maximo 411 CMS~W
MEAT\jolander is already a member of Meat_Farm~Maximo~Maximo 411 CMS~W
MEAT\joltiver is already a member of Meat_Farm~Maximo~Maximo 411 CMS~W
MEAT\jomarten is already a member of Meat_Farm~Maximo~Maximo 411 CMS~W
MEAT\joneill1 is already a member of Meat_Farm~Maximo~Maximo 411 CMS~W
MEAT\jopainch is already a member of Meat_Farm~Maximo~Maximo 411 CMS~W
MEAT\jopurdy is already a member of Meat_Farm~Maximo~Maximo 411 CMS~W
MEAT\jornelas is already a member of Meat_Farm~Maximo~Maximo 411 CMS~W
ERROR:  MEAT\ was not added to Meat_Farm~Maximo~Maximo 411 CMS~W
MEAT\josalaza is already a member of Meat_Farm~Maximo~Maximo 411 CMS~W
ERROR:  MEAT\ was not added to Meat_Farm~Maximo~Maximo 411 CMS~W
MEAT\josutton is already a member of Meat_Farm~Maximo~Maximo 411 CMS~W
MEAT\joteague is already a member of Meat_Farm~Maximo~Maximo 411 CMS~W
MEAT\jotwente is already a member of Meat_Farm~Maximo~Maximo 411 CMS~W
MEAT\joumana is already a member of Meat_Farm~Maximo~Maximo 411 CMS~W
MEAT\jovela is already a member of Meat_Farm~Maximo~Maximo 411 CMS~W
MEAT\joverstr is already a member of Meat_Farm~Maximo~Maximo 411 CMS~W
ERROR:  MEAT\ was not added to Meat_Farm~Maximo~Maximo 411 CMS~W
ERROR:  MEAT\ was not added to Meat_Farm~Maximo~Maximo 411 CMS~W
ERROR:  MEAT\ was not added to Meat_Farm~Maximo~Maximo 411 CMS~W
MEAT\jpascoe is already a member of Meat_Farm~Maximo~Maximo 411 CMS~W
MEAT\jpastor is already a member of Meat_Farm~Maximo~Maximo 411 CMS~W
added MEAT\jpaul to Meat_Farm~Maximo~Maximo 411 CMS~W
ERROR:  MEAT\ was not added to Meat_Farm~Maximo~Maximo 411 CMS~W
MEAT\jpepper is already a member of Meat_Farm~Maximo~Maximo 411 CMS~W
MEAT\jperez18 is already a member of Meat_Farm~Maximo~Maximo 411 CMS~W
added MEAT\jperez5 to Meat_Farm~Maximo~Maximo 411 CMS~W
MEAT\jperez52 is already a member of Meat_Farm~Maximo~Maximo 411 CMS~W
ERROR:  MEAT\ was not added to Meat_Farm~Maximo~Maximo 411 CMS~W
MEAT\jpitcher is already a member of Meat_Farm~Maximo~Maximo 411 CMS~W
MEAT\jpleis is already a member of Meat_Farm~Maximo~Maximo 411 CMS~W
MEAT\jposlusz is already a member of Meat_Farm~Maximo~Maximo 411 CMS~W
MEAT\jpost is already a member of Meat_Farm~Maximo~Maximo 411 CMS~W
ERROR:  MEAT\ was not added to Meat_Farm~Maximo~Maximo 411 CMS~W
MEAT\jramire1 is already a member of Meat_Farm~Maximo~Maximo 411 CMS~W
MEAT\jramire2 is already a member of Meat_Farm~Maximo~Maximo 411 CMS~W
MEAT\jramos12 is already a member of Meat_Farm~Maximo~Maximo 411 CMS~W
MEAT\jraue is already a member of Meat_Farm~Maximo~Maximo 411 CMS~W
MEAT\jreddin is already a member of Meat_Farm~Maximo~Maximo 411 CMS~W
MEAT\jreese is already a member of Meat_Farm~Maximo~Maximo 411 CMS~W
ERROR:  MEAT\ was not added to Meat_Farm~Maximo~Maximo 411 CMS~W
ERROR:  MEAT\ was not added to Meat_Farm~Maximo~Maximo 411 CMS~W
MEAT\jrichman is already a member of Meat_Farm~Maximo~Maximo 411 CMS~W
MEAT\jrlindle is already a member of Meat_Farm~Maximo~Maximo 411 CMS~W
MEAT\jrodgers is already a member of Meat_Farm~Maximo~Maximo 411 CMS~W
MEAT\jrosale2 is already a member of Meat_Farm~Maximo~Maximo 411 CMS~W
MEAT\jrudd is already a member of Meat_Farm~Maximo~Maximo 411 CMS~W
MEAT\jruffatt is already a member of Meat_Farm~Maximo~Maximo 411 CMS~W
ERROR:  MEAT\ was not added to Meat_Farm~Maximo~Maximo 411 CMS~W
MEAT\jruiz20 is already a member of Meat_Farm~Maximo~Maximo 411 CMS~W
MEAT\jsampley is already a member of Meat_Farm~Maximo~Maximo 411 CMS~W
MEAT\jsandfor is already a member of Meat_Farm~Maximo~Maximo 411 CMS~W
MEAT\jschiffn is already a member of Meat_Farm~Maximo~Maximo 411 CMS~W
ERROR:  MEAT\ was not added to Meat_Farm~Maximo~Maximo 411 CMS~W
added MEAT\jschwan to Meat_Farm~Maximo~Maximo 411 CMS~W
MEAT\jserafin is already a member of Meat_Farm~Maximo~Maximo 411 CMS~W
MEAT\jsharp1 is already a member of Meat_Farm~Maximo~Maximo 411 CMS~W
ERROR:  MEAT\ was not added to Meat_Farm~Maximo~Maximo 411 CMS~W
ERROR:  MEAT\ was not added to Meat_Farm~Maximo~Maximo 411 CMS~W
MEAT\jshiflet is already a member of Meat_Farm~Maximo~Maximo 411 CMS~W
MEAT\jshipe is already a member of Meat_Farm~Maximo~Maximo 411 CMS~W
MEAT\jshipman is already a member of Meat_Farm~Maximo~Maximo 411 CMS~W
MEAT\jsimonso is already a member of Meat_Farm~Maximo~Maximo 411 CMS~W
added MEAT\jsmith to Meat_Farm~Maximo~Maximo 411 CMS~W
MEAT\jsmith28 is already a member of Meat_Farm~Maximo~Maximo 411 CMS~W
MEAT\jsmith52 is already a member of Meat_Farm~Maximo~Maximo 411 CMS~W
MEAT\jsmith54 is already a member of Meat_Farm~Maximo~Maximo 411 CMS~W
MEAT\jsmith63 is already a member of Meat_Farm~Maximo~Maximo 411 CMS~W
MEAT\jsportil is already a member of Meat_Farm~Maximo~Maximo 411 CMS~W
ERROR:  MEAT\ was not added to Meat_Farm~Maximo~Maximo 411 CMS~W
ERROR:  MEAT\ was not added to Meat_Farm~Maximo~Maximo 411 CMS~W
ERROR:  MEAT\ was not added to Meat_Farm~Maximo~Maximo 411 CMS~W
MEAT\jsteel is already a member of Meat_Farm~Maximo~Maximo 411 CMS~W
MEAT\jsumrall is already a member of Meat_Farm~Maximo~Maximo 411 CMS~W
MEAT\jsurman is already a member of Meat_Farm~Maximo~Maximo 411 CMS~W
MEAT\jsuttle is already a member of Meat_Farm~Maximo~Maximo 411 CMS~W
MEAT\jtaylor1 is already a member of Meat_Farm~Maximo~Maximo 411 CMS~W
ERROR:  MEAT\ was not added to Meat_Farm~Maximo~Maximo 411 CMS~W
MEAT\jthernan is already a member of Meat_Farm~Maximo~Maximo 411 CMS~W
MEAT\jthomas8 is already a member of Meat_Farm~Maximo~Maximo 411 CMS~W
MEAT\jtitus1 is already a member of Meat_Farm~Maximo~Maximo 411 CMS~W
MEAT\jtomlin is already a member of Meat_Farm~Maximo~Maximo 411 CMS~W
MEAT\jtouzin is already a member of Meat_Farm~Maximo~Maximo 411 CMS~W
ERROR:  MEAT\ was not added to Meat_Farm~Maximo~Maximo 411 CMS~W
ERROR:  MEAT\ was not added to Meat_Farm~Maximo~Maximo 411 CMS~W
MEAT\jturulja is already a member of Meat_Farm~Maximo~Maximo 411 CMS~W
MEAT\juesquiv is already a member of Meat_Farm~Maximo~Maximo 411 CMS~W
MEAT\jularocq is already a member of Meat_Farm~Maximo~Maximo 411 CMS~W
MEAT\julujan is already a member of Meat_Farm~Maximo~Maximo 411 CMS~W
MEAT\jurader is already a member of Meat_Farm~Maximo~Maximo 411 CMS~W
ERROR:  MEAT\ was not added to Meat_Farm~Maximo~Maximo 411 CMS~W
MEAT\juwalter is already a member of Meat_Farm~Maximo~Maximo 411 CMS~W
MEAT\jvalade3 is already a member of Meat_Farm~Maximo~Maximo 411 CMS~W
ERROR:  MEAT\ was not added to Meat_Farm~Maximo~Maximo 411 CMS~W
ERROR:  MEAT\ was not added to Meat_Farm~Maximo~Maximo 411 CMS~W
MEAT\jvandema is already a member of Meat_Farm~Maximo~Maximo 411 CMS~W
MEAT\jvanexem is already a member of Meat_Farm~Maximo~Maximo 411 CMS~W
ERROR:  MEAT\ was not added to Meat_Farm~Maximo~Maximo 411 CMS~W
MEAT\jveloz is already a member of Meat_Farm~Maximo~Maximo 411 CMS~W
MEAT\jvereb is already a member of Meat_Farm~Maximo~Maximo 411 CMS~W
MEAT\jwalker7 is already a member of Meat_Farm~Maximo~Maximo 411 CMS~W
MEAT\jwankel is already a member of Meat_Farm~Maximo~Maximo 411 CMS~W
MEAT\jware is already a member of Meat_Farm~Maximo~Maximo 411 CMS~W
MEAT\jwarren is already a member of Meat_Farm~Maximo~Maximo 411 CMS~W
MEAT\jwhitake is already a member of Meat_Farm~Maximo~Maximo 411 CMS~W
MEAT\jwhittum is already a member of Meat_Farm~Maximo~Maximo 411 CMS~W
MEAT\jwilkers is already a member of Meat_Farm~Maximo~Maximo 411 CMS~W
MEAT\jwoodley is already a member of Meat_Farm~Maximo~Maximo 411 CMS~W
ERROR:  MEAT\ was not added to Meat_Farm~Maximo~Maximo 411 CMS~W
ERROR:  MEAT\ was not added to Meat_Farm~Maximo~Maximo 411 CMS~W
MEAT\jzacarol is already a member of Meat_Farm~Maximo~Maximo 411 CMS~W
MEAT\jzaeske is already a member of Meat_Farm~Maximo~Maximo 411 CMS~W
MEAT\jzaitsof is already a member of Meat_Farm~Maximo~Maximo 411 CMS~W
MEAT\jzurbri1 is already a member of Meat_Farm~Maximo~Maximo 411 CMS~W
MEAT\kaellis is already a member of Meat_Farm~Maximo~Maximo 411 CMS~W
MEAT\kagbodo is already a member of Meat_Farm~Maximo~Maximo 411 CMS~W
MEAT\kahennin is already a member of Meat_Farm~Maximo~Maximo 411 CMS~W
MEAT\kallred is already a member of Meat_Farm~Maximo~Maximo 411 CMS~W
MEAT\kapeters is already a member of Meat_Farm~Maximo~Maximo 411 CMS~W
MEAT\karey is already a member of Meat_Farm~Maximo~Maximo 411 CMS~W
MEAT\kbahns is already a member of Meat_Farm~Maximo~Maximo 411 CMS~W
MEAT\kbartley is already a member of Meat_Farm~Maximo~Maximo 411 CMS~W
MEAT\kbeach is already a member of Meat_Farm~Maximo~Maximo 411 CMS~W
MEAT\kbellott is already a member of Meat_Farm~Maximo~Maximo 411 CMS~W
MEAT\kberrier is already a member of Meat_Farm~Maximo~Maximo 411 CMS~W
MEAT\kblokzyl is already a member of Meat_Farm~Maximo~Maximo 411 CMS~W
ERROR:  MEAT\ was not added to Meat_Farm~Maximo~Maximo 411 CMS~W
MEAT\kbyfield is already a member of Meat_Farm~Maximo~Maximo 411 CMS~W
MEAT\kchisum is already a member of Meat_Farm~Maximo~Maximo 411 CMS~W
ERROR:  MEAT\ was not added to Meat_Farm~Maximo~Maximo 411 CMS~W
MEAT\kdavis12 is already a member of Meat_Farm~Maximo~Maximo 411 CMS~W
MEAT\kdich is already a member of Meat_Farm~Maximo~Maximo 411 CMS~W
MEAT\kdickens is already a member of Meat_Farm~Maximo~Maximo 411 CMS~W
MEAT\kdiercks is already a member of Meat_Farm~Maximo~Maximo 411 CMS~W
MEAT\kdort is already a member of Meat_Farm~Maximo~Maximo 411 CMS~W
ERROR:  MEAT\ was not added to Meat_Farm~Maximo~Maximo 411 CMS~W
MEAT\kdpeters is already a member of Meat_Farm~Maximo~Maximo 411 CMS~W
MEAT\keaton is already a member of Meat_Farm~Maximo~Maximo 411 CMS~W
MEAT\kebell is already a member of Meat_Farm~Maximo~Maximo 411 CMS~W
MEAT\kecollin is already a member of Meat_Farm~Maximo~Maximo 411 CMS~W
MEAT\kegall is already a member of Meat_Farm~Maximo~Maximo 411 CMS~W
MEAT\kekirkpa is already a member of Meat_Farm~Maximo~Maximo 411 CMS~W
MEAT\kekoch is already a member of Meat_Farm~Maximo~Maximo 411 CMS~W
MEAT\kenoch is already a member of Meat_Farm~Maximo~Maximo 411 CMS~W
MEAT\kepark is already a member of Meat_Farm~Maximo~Maximo 411 CMS~W
MEAT\kethomas is already a member of Meat_Farm~Maximo~Maximo 411 CMS~W
MEAT\ketipton is already a member of Meat_Farm~Maximo~Maximo 411 CMS~W
MEAT\kezhang is already a member of Meat_Farm~Maximo~Maximo 411 CMS~W
MEAT\kfizer is already a member of Meat_Farm~Maximo~Maximo 411 CMS~W
MEAT\kgaydos is already a member of Meat_Farm~Maximo~Maximo 411 CMS~W
MEAT\kgibbs is already a member of Meat_Farm~Maximo~Maximo 411 CMS~W
MEAT\kgivens is already a member of Meat_Farm~Maximo~Maximo 411 CMS~W
MEAT\kgrana is already a member of Meat_Farm~Maximo~Maximo 411 CMS~W
MEAT\kgrayned is already a member of Meat_Farm~Maximo~Maximo 411 CMS~W
MEAT\kgreene is already a member of Meat_Farm~Maximo~Maximo 411 CMS~W
MEAT\kgregory is already a member of Meat_Farm~Maximo~Maximo 411 CMS~W
MEAT\khamner is already a member of Meat_Farm~Maximo~Maximo 411 CMS~W
MEAT\kharper is already a member of Meat_Farm~Maximo~Maximo 411 CMS~W
MEAT\khildret is already a member of Meat_Farm~Maximo~Maximo 411 CMS~W
MEAT\kjacoby is already a member of Meat_Farm~Maximo~Maximo 411 CMS~W
MEAT\kjohnso6 is already a member of Meat_Farm~Maximo~Maximo 411 CMS~W
MEAT\kkaut is already a member of Meat_Farm~Maximo~Maximo 411 CMS~W
MEAT\kkhatchi is already a member of Meat_Farm~Maximo~Maximo 411 CMS~W
MEAT\klawrey is already a member of Meat_Farm~Maximo~Maximo 411 CMS~W
MEAT\klockhar is already a member of Meat_Farm~Maximo~Maximo 411 CMS~W
MEAT\klux is already a member of Meat_Farm~Maximo~Maximo 411 CMS~W
ERROR:  MEAT\ was not added to Meat_Farm~Maximo~Maximo 411 CMS~W
MEAT\kmaloney is already a member of Meat_Farm~Maximo~Maximo 411 CMS~W
MEAT\kmcgrath is already a member of Meat_Farm~Maximo~Maximo 411 CMS~W
MEAT\kmeland is already a member of Meat_Farm~Maximo~Maximo 411 CMS~W
MEAT\kmineart is already a member of Meat_Farm~Maximo~Maximo 411 CMS~W
MEAT\kmrobert is already a member of Meat_Farm~Maximo~Maximo 411 CMS~W
MEAT\knix is already a member of Meat_Farm~Maximo~Maximo 411 CMS~W
MEAT\knorris is already a member of Meat_Farm~Maximo~Maximo 411 CMS~W
MEAT\kosborne is already a member of Meat_Farm~Maximo~Maximo 411 CMS~W
MEAT\krausch is already a member of Meat_Farm~Maximo~Maximo 411 CMS~W
ERROR:  MEAT\ was not added to Meat_Farm~Maximo~Maximo 411 CMS~W
MEAT\kriley is already a member of Meat_Farm~Maximo~Maximo 411 CMS~W
ERROR:  MEAT\ was not added to Meat_Farm~Maximo~Maximo 411 CMS~W
MEAT\krtaylor is already a member of Meat_Farm~Maximo~Maximo 411 CMS~W
MEAT\krthomas is already a member of Meat_Farm~Maximo~Maximo 411 CMS~W
MEAT\ksagerty is already a member of Meat_Farm~Maximo~Maximo 411 CMS~W
MEAT\kschoen is already a member of Meat_Farm~Maximo~Maximo 411 CMS~W
MEAT\kschroed is already a member of Meat_Farm~Maximo~Maximo 411 CMS~W
MEAT\kshaw is already a member of Meat_Farm~Maximo~Maximo 411 CMS~W
MEAT\kshrader is already a member of Meat_Farm~Maximo~Maximo 411 CMS~W
ERROR:  MEAT\ was not added to Meat_Farm~Maximo~Maximo 411 CMS~W
ERROR:  MEAT\ was not added to Meat_Farm~Maximo~Maximo 411 CMS~W
MEAT\ksmith10 is already a member of Meat_Farm~Maximo~Maximo 411 CMS~W
MEAT\kspiegl is already a member of Meat_Farm~Maximo~Maximo 411 CMS~W
MEAT\kstambau is already a member of Meat_Farm~Maximo~Maximo 411 CMS~W
MEAT\kstoddard is already a member of Meat_Farm~Maximo~Maximo 411 CMS~W
MEAT\ksytnick is already a member of Meat_Farm~Maximo~Maximo 411 CMS~W
MEAT\ktespino is already a member of Meat_Farm~Maximo~Maximo 411 CMS~W
MEAT\ktravers is already a member of Meat_Farm~Maximo~Maximo 411 CMS~W
MEAT\kvernoy is already a member of Meat_Farm~Maximo~Maximo 411 CMS~W
MEAT\kvilla is already a member of Meat_Farm~Maximo~Maximo 411 CMS~W
MEAT\kvongsa is already a member of Meat_Farm~Maximo~Maximo 411 CMS~W
MEAT\kwales is already a member of Meat_Farm~Maximo~Maximo 411 CMS~W
MEAT\kwang3 is already a member of Meat_Farm~Maximo~Maximo 411 CMS~W
ERROR:  MEAT\ was not added to Meat_Farm~Maximo~Maximo 411 CMS~W
MEAT\kwiedenk is already a member of Meat_Farm~Maximo~Maximo 411 CMS~W
MEAT\kwilken is already a member of Meat_Farm~Maximo~Maximo 411 CMS~W
ERROR:  MEAT\ was not added to Meat_Farm~Maximo~Maximo 411 CMS~W
MEAT\kwingert is already a member of Meat_Farm~Maximo~Maximo 411 CMS~W
ERROR:  MEAT\ was not added to Meat_Farm~Maximo~Maximo 411 CMS~W
MEAT\lallen1 is already a member of Meat_Farm~Maximo~Maximo 411 CMS~W
ERROR:  MEAT\ was not added to Meat_Farm~Maximo~Maximo 411 CMS~W
MEAT\lapilgri is already a member of Meat_Farm~Maximo~Maximo 411 CMS~W
ERROR:  MEAT\ was not added to Meat_Farm~Maximo~Maximo 411 CMS~W
MEAT\lball is already a member of Meat_Farm~Maximo~Maximo 411 CMS~W
MEAT\lbasar is already a member of Meat_Farm~Maximo~Maximo 411 CMS~W
ERROR:  MEAT\ was not added to Meat_Farm~Maximo~Maximo 411 CMS~W
MEAT\lblackwe is already a member of Meat_Farm~Maximo~Maximo 411 CMS~W
ERROR:  MEAT\ was not added to Meat_Farm~Maximo~Maximo 411 CMS~W
MEAT\lbundle is already a member of Meat_Farm~Maximo~Maximo 411 CMS~W
MEAT\lbwright is already a member of Meat_Farm~Maximo~Maximo 411 CMS~W
MEAT\lcabrera is already a member of Meat_Farm~Maximo~Maximo 411 CMS~W
ERROR:  MEAT\ was not added to Meat_Farm~Maximo~Maximo 411 CMS~W
MEAT\lcking is already a member of Meat_Farm~Maximo~Maximo 411 CMS~W
MEAT\lclaudio is already a member of Meat_Farm~Maximo~Maximo 411 CMS~W
MEAT\lconrad is already a member of Meat_Farm~Maximo~Maximo 411 CMS~W
MEAT\lcoombs is already a member of Meat_Farm~Maximo~Maximo 411 CMS~W
MEAT\lcorbin is already a member of Meat_Farm~Maximo~Maximo 411 CMS~W
MEAT\ldarrow is already a member of Meat_Farm~Maximo~Maximo 411 CMS~W
ERROR:  MEAT\ was not added to Meat_Farm~Maximo~Maximo 411 CMS~W
MEAT\ldecrist is already a member of Meat_Farm~Maximo~Maximo 411 CMS~W
ERROR:  MEAT\ was not added to Meat_Farm~Maximo~Maximo 411 CMS~W
ERROR:  MEAT\ was not added to Meat_Farm~Maximo~Maximo 411 CMS~W
MEAT\lefletch is already a member of Meat_Farm~Maximo~Maximo 411 CMS~W
MEAT\lejordan is already a member of Meat_Farm~Maximo~Maximo 411 CMS~W
MEAT\lesser is already a member of Meat_Farm~Maximo~Maximo 411 CMS~W
MEAT\lfaulkn1 is already a member of Meat_Farm~Maximo~Maximo 411 CMS~W
MEAT\lgeisler is already a member of Meat_Farm~Maximo~Maximo 411 CMS~W
MEAT\lgillila is already a member of Meat_Farm~Maximo~Maximo 411 CMS~W
added MEAT\lgod to Meat_Farm~Maximo~Maximo 411 CMS~W
MEAT\lgolding is already a member of Meat_Farm~Maximo~Maximo 411 CMS~W
ERROR:  MEAT\ was not added to Meat_Farm~Maximo~Maximo 411 CMS~W
MEAT\lgregoir is already a member of Meat_Farm~Maximo~Maximo 411 CMS~W
MEAT\lgryczan is already a member of Meat_Farm~Maximo~Maximo 411 CMS~W
MEAT\lhall is already a member of Meat_Farm~Maximo~Maximo 411 CMS~W
MEAT\lhedrick is already a member of Meat_Farm~Maximo~Maximo 411 CMS~W
ERROR:  MEAT\ was not added to Meat_Farm~Maximo~Maximo 411 CMS~W
MEAT\lhouston is already a member of Meat_Farm~Maximo~Maximo 411 CMS~W
ERROR:  MEAT\ was not added to Meat_Farm~Maximo~Maximo 411 CMS~W
MEAT\lhuffman is already a member of Meat_Farm~Maximo~Maximo 411 CMS~W
MEAT\limorale is already a member of Meat_Farm~Maximo~Maximo 411 CMS~W
MEAT\lirobert is already a member of Meat_Farm~Maximo~Maximo 411 CMS~W
MEAT\ljames1 is already a member of Meat_Farm~Maximo~Maximo 411 CMS~W
MEAT\ljcarter is already a member of Meat_Farm~Maximo~Maximo 411 CMS~W
MEAT\lkaut is already a member of Meat_Farm~Maximo~Maximo 411 CMS~W
MEAT\lkelly1 is already a member of Meat_Farm~Maximo~Maximo 411 CMS~W
MEAT\lkorbar is already a member of Meat_Farm~Maximo~Maximo 411 CMS~W
MEAT\lkotter is already a member of Meat_Farm~Maximo~Maximo 411 CMS~W
MEAT\lkuncl is already a member of Meat_Farm~Maximo~Maximo 411 CMS~W
ERROR:  MEAT\ was not added to Meat_Farm~Maximo~Maximo 411 CMS~W
MEAT\lmangaoa is already a member of Meat_Farm~Maximo~Maximo 411 CMS~W
ERROR:  MEAT\ was not added to Meat_Farm~Maximo~Maximo 411 CMS~W
ERROR:  MEAT\ was not added to Meat_Farm~Maximo~Maximo 411 CMS~W
MEAT\lmaxwell is already a member of Meat_Farm~Maximo~Maximo 411 CMS~W
MEAT\lmontg10 is already a member of Meat_Farm~Maximo~Maximo 411 CMS~W
MEAT\lmorand is already a member of Meat_Farm~Maximo~Maximo 411 CMS~W
MEAT\lnolen is already a member of Meat_Farm~Maximo~Maximo 411 CMS~W
MEAT\lobowman is already a member of Meat_Farm~Maximo~Maximo 411 CMS~W
MEAT\lornelas is already a member of Meat_Farm~Maximo~Maximo 411 CMS~W
MEAT\lortgies is already a member of Meat_Farm~Maximo~Maximo 411 CMS~W
MEAT\lpalmer is already a member of Meat_Farm~Maximo~Maximo 411 CMS~W
ERROR:  MEAT\ was not added to Meat_Farm~Maximo~Maximo 411 CMS~W
MEAT\lpineda is already a member of Meat_Farm~Maximo~Maximo 411 CMS~W
MEAT\lratliff is already a member of Meat_Farm~Maximo~Maximo 411 CMS~W
MEAT\lrau is already a member of Meat_Farm~Maximo~Maximo 411 CMS~W
MEAT\lrippent is already a member of Meat_Farm~Maximo~Maximo 411 CMS~W
MEAT\lroadcap is already a member of Meat_Farm~Maximo~Maximo 411 CMS~W
ERROR:  MEAT\ was not added to Meat_Farm~Maximo~Maximo 411 CMS~W
MEAT\lsage is already a member of Meat_Farm~Maximo~Maximo 411 CMS~W
MEAT\lsander2 is already a member of Meat_Farm~Maximo~Maximo 411 CMS~W
MEAT\lseiler is already a member of Meat_Farm~Maximo~Maximo 411 CMS~W
MEAT\lsexton is already a member of Meat_Farm~Maximo~Maximo 411 CMS~W
MEAT\lsipeki is already a member of Meat_Farm~Maximo~Maximo 411 CMS~W
MEAT\lstrothe is already a member of Meat_Farm~Maximo~Maximo 411 CMS~W
MEAT\lthompso is already a member of Meat_Farm~Maximo~Maximo 411 CMS~W
MEAT\ltonding is already a member of Meat_Farm~Maximo~Maximo 411 CMS~W
MEAT\ltraver is already a member of Meat_Farm~Maximo~Maximo 411 CMS~W
ERROR:  MEAT\ was not added to Meat_Farm~Maximo~Maximo 411 CMS~W
ERROR:  MEAT\ was not added to Meat_Farm~Maximo~Maximo 411 CMS~W
MEAT\luzureau is already a member of Meat_Farm~Maximo~Maximo 411 CMS~W
MEAT\lwhite1 is already a member of Meat_Farm~Maximo~Maximo 411 CMS~W
MEAT\lwilch is already a member of Meat_Farm~Maximo~Maximo 411 CMS~W
ERROR:  MEAT\ was not added to Meat_Farm~Maximo~Maximo 411 CMS~W
MEAT\lwittig is already a member of Meat_Farm~Maximo~Maximo 411 CMS~W
MEAT\lwoods is already a member of Meat_Farm~Maximo~Maximo 411 CMS~W
MEAT\lwubker is already a member of Meat_Farm~Maximo~Maximo 411 CMS~W
MEAT\lzotova is already a member of Meat_Farm~Maximo~Maximo 411 CMS~W
MEAT\macridge is already a member of Meat_Farm~Maximo~Maximo 411 CMS~W
MEAT\maellis is already a member of Meat_Farm~Maximo~Maximo 411 CMS~W
ERROR:  MEAT\ was not added to Meat_Farm~Maximo~Maximo 411 CMS~W
ERROR:  MEAT\ was not added to Meat_Farm~Maximo~Maximo 411 CMS~W
MEAT\malara is already a member of Meat_Farm~Maximo~Maximo 411 CMS~W
ERROR:  MEAT\ was not added to Meat_Farm~Maximo~Maximo 411 CMS~W
MEAT\malloyd is already a member of Meat_Farm~Maximo~Maximo 411 CMS~W
ERROR:  MEAT\ was not added to Meat_Farm~Maximo~Maximo 411 CMS~W
MEAT\malvare3 is already a member of Meat_Farm~Maximo~Maximo 411 CMS~W
MEAT\mamcfadd is already a member of Meat_Farm~Maximo~Maximo 411 CMS~W
ERROR:  MEAT\ was not added to Meat_Farm~Maximo~Maximo 411 CMS~W
MEAT\mandreas is already a member of Meat_Farm~Maximo~Maximo 411 CMS~W
MEAT\maornela is already a member of Meat_Farm~Maximo~Maximo 411 CMS~W
ERROR:  MEAT\ was not added to Meat_Farm~Maximo~Maximo 411 CMS~W
ERROR:  MEAT\ was not added to Meat_Farm~Maximo~Maximo 411 CMS~W
MEAT\mastark is already a member of Meat_Farm~Maximo~Maximo 411 CMS~W
MEAT\matutubo is already a member of Meat_Farm~Maximo~Maximo 411 CMS~W
MEAT\maward is already a member of Meat_Farm~Maximo~Maximo 411 CMS~W
ERROR:  MEAT\ was not added to Meat_Farm~Maximo~Maximo 411 CMS~W
ERROR:  MEAT\ was not added to Meat_Farm~Maximo~Maximo 411 CMS~W
ERROR:  MEAT\ was not added to Meat_Farm~Maximo~Maximo 411 CMS~W
MEAT\mbartels is already a member of Meat_Farm~Maximo~Maximo 411 CMS~W
MEAT\mbayer is already a member of Meat_Farm~Maximo~Maximo 411 CMS~W
MEAT\mbeinhar is already a member of Meat_Farm~Maximo~Maximo 411 CMS~W
ERROR:  MEAT\ was not added to Meat_Farm~Maximo~Maximo 411 CMS~W
MEAT\mbortzer is already a member of Meat_Farm~Maximo~Maximo 411 CMS~W
MEAT\mboston is already a member of Meat_Farm~Maximo~Maximo 411 CMS~W
MEAT\mbriner is already a member of Meat_Farm~Maximo~Maximo 411 CMS~W
MEAT\mbuan is already a member of Meat_Farm~Maximo~Maximo 411 CMS~W
ERROR:  MEAT\ was not added to Meat_Farm~Maximo~Maximo 411 CMS~W
MEAT\mcamaril is already a member of Meat_Farm~Maximo~Maximo 411 CMS~W
MEAT\mcarras2 is already a member of Meat_Farm~Maximo~Maximo 411 CMS~W
ERROR:  MEAT\ was not added to Meat_Farm~Maximo~Maximo 411 CMS~W
ERROR:  MEAT\ was not added to Meat_Farm~Maximo~Maximo 411 CMS~W
ERROR:  MEAT\ was not added to Meat_Farm~Maximo~Maximo 411 CMS~W
MEAT\mclark4 is already a member of Meat_Farm~Maximo~Maximo 411 CMS~W
MEAT\mcook1 is already a member of Meat_Farm~Maximo~Maximo 411 CMS~W
MEAT\mcooley is already a member of Meat_Farm~Maximo~Maximo 411 CMS~W
ERROR:  MEAT\ was not added to Meat_Farm~Maximo~Maximo 411 CMS~W
MEAT\mdaleen is already a member of Meat_Farm~Maximo~Maximo 411 CMS~W
MEAT\mdannha1 is already a member of Meat_Farm~Maximo~Maximo 411 CMS~W
MEAT\mdaul is already a member of Meat_Farm~Maximo~Maximo 411 CMS~W
ERROR:  MEAT\ was not added to Meat_Farm~Maximo~Maximo 411 CMS~W
MEAT\mdmello is already a member of Meat_Farm~Maximo~Maximo 411 CMS~W
MEAT\mdobrovo is already a member of Meat_Farm~Maximo~Maximo 411 CMS~W
MEAT\mdonjuan is already a member of Meat_Farm~Maximo~Maximo 411 CMS~W
MEAT\mdoud is already a member of Meat_Farm~Maximo~Maximo 411 CMS~W
MEAT\mdriskel is already a member of Meat_Farm~Maximo~Maximo 411 CMS~W
MEAT\mdufresn is already a member of Meat_Farm~Maximo~Maximo 411 CMS~W
MEAT\mdunlap is already a member of Meat_Farm~Maximo~Maximo 411 CMS~W
ERROR:  MEAT\ was not added to Meat_Farm~Maximo~Maximo 411 CMS~W
MEAT\medandre is already a member of Meat_Farm~Maximo~Maximo 411 CMS~W
MEAT\meichem is already a member of Meat_Farm~Maximo~Maximo 411 CMS~W
MEAT\meichman is already a member of Meat_Farm~Maximo~Maximo 411 CMS~W
MEAT\mescoba5 is already a member of Meat_Farm~Maximo~Maximo 411 CMS~W
ERROR:  MEAT\ was not added to Meat_Farm~Maximo~Maximo 411 CMS~W
MEAT\mfinch is already a member of Meat_Farm~Maximo~Maximo 411 CMS~W
MEAT\mfougero is already a member of Meat_Farm~Maximo~Maximo 411 CMS~W
MEAT\mfowler is already a member of Meat_Farm~Maximo~Maximo 411 CMS~W
MEAT\mfriemel is already a member of Meat_Farm~Maximo~Maximo 411 CMS~W
MEAT\mfry is already a member of Meat_Farm~Maximo~Maximo 411 CMS~W
MEAT\mgean is already a member of Meat_Farm~Maximo~Maximo 411 CMS~W
MEAT\mgentry1 is already a member of Meat_Farm~Maximo~Maximo 411 CMS~W
MEAT\mgibney is already a member of Meat_Farm~Maximo~Maximo 411 CMS~W
MEAT\mgonza68 is already a member of Meat_Farm~Maximo~Maximo 411 CMS~W
MEAT\mgonza91 is already a member of Meat_Farm~Maximo~Maximo 411 CMS~W
MEAT\mgordon is already a member of Meat_Farm~Maximo~Maximo 411 CMS~W
MEAT\mgroman is already a member of Meat_Farm~Maximo~Maximo 411 CMS~W
MEAT\mguevar3 is already a member of Meat_Farm~Maximo~Maximo 411 CMS~W
ERROR:  MEAT\ was not added to Meat_Farm~Maximo~Maximo 411 CMS~W
MEAT\mgutie18 is already a member of Meat_Farm~Maximo~Maximo 411 CMS~W
ERROR:  MEAT\ was not added to Meat_Farm~Maximo~Maximo 411 CMS~W
ERROR:  MEAT\ was not added to Meat_Farm~Maximo~Maximo 411 CMS~W
MEAT\mhanson3 is already a member of Meat_Farm~Maximo~Maximo 411 CMS~W
MEAT\mhavis is already a member of Meat_Farm~Maximo~Maximo 411 CMS~W
MEAT\mholle is already a member of Meat_Farm~Maximo~Maximo 411 CMS~W
MEAT\mhorel is already a member of Meat_Farm~Maximo~Maximo 411 CMS~W
MEAT\mhoward is already a member of Meat_Farm~Maximo~Maximo 411 CMS~W
MEAT\micarson is already a member of Meat_Farm~Maximo~Maximo 411 CMS~W
MEAT\micenogl is already a member of Meat_Farm~Maximo~Maximo 411 CMS~W
MEAT\migordon is already a member of Meat_Farm~Maximo~Maximo 411 CMS~W
ERROR:  MEAT\ was not added to Meat_Farm~Maximo~Maximo 411 CMS~W
MEAT\milarsen is already a member of Meat_Farm~Maximo~Maximo 411 CMS~W
MEAT\minewbil is already a member of Meat_Farm~Maximo~Maximo 411 CMS~W
MEAT\mistansb is already a member of Meat_Farm~Maximo~Maximo 411 CMS~W
MEAT\mivillan is already a member of Meat_Farm~Maximo~Maximo 411 CMS~W
MEAT\miwlodar is already a member of Meat_Farm~Maximo~Maximo 411 CMS~W
MEAT\mjagiell is already a member of Meat_Farm~Maximo~Maximo 411 CMS~W
MEAT\mjayne is already a member of Meat_Farm~Maximo~Maximo 411 CMS~W
ERROR:  MEAT\ was not added to Meat_Farm~Maximo~Maximo 411 CMS~W
MEAT\mjones3 is already a member of Meat_Farm~Maximo~Maximo 411 CMS~W
MEAT\mkalman is already a member of Meat_Farm~Maximo~Maximo 411 CMS~W
ERROR:  MEAT\ was not added to Meat_Farm~Maximo~Maximo 411 CMS~W
MEAT\mkenned2 is already a member of Meat_Farm~Maximo~Maximo 411 CMS~W
ERROR:  MEAT\ was not added to Meat_Farm~Maximo~Maximo 411 CMS~W
MEAT\mkoontz is already a member of Meat_Farm~Maximo~Maximo 411 CMS~W
MEAT\mlamaste is already a member of Meat_Farm~Maximo~Maximo 411 CMS~W
ERROR:  MEAT\ was not added to Meat_Farm~Maximo~Maximo 411 CMS~W
MEAT\mlauzon is already a member of Meat_Farm~Maximo~Maximo 411 CMS~W
MEAT\mleclair is already a member of Meat_Farm~Maximo~Maximo 411 CMS~W
MEAT\mlemus1 is already a member of Meat_Farm~Maximo~Maximo 411 CMS~W
MEAT\mlimas is already a member of Meat_Farm~Maximo~Maximo 411 CMS~W
MEAT\mlindahl is already a member of Meat_Farm~Maximo~Maximo 411 CMS~W
MEAT\mlinton is already a member of Meat_Farm~Maximo~Maximo 411 CMS~W
ERROR:  MEAT\ was not added to Meat_Farm~Maximo~Maximo 411 CMS~W
ERROR:  MEAT\ was not added to Meat_Farm~Maximo~Maximo 411 CMS~W
MEAT\mmccord is already a member of Meat_Farm~Maximo~Maximo 411 CMS~W
MEAT\mmccormi is already a member of Meat_Farm~Maximo~Maximo 411 CMS~W
MEAT\mmccuin is already a member of Meat_Farm~Maximo~Maximo 411 CMS~W
MEAT\mmcleste is already a member of Meat_Farm~Maximo~Maximo 411 CMS~W
MEAT\mmedelin is already a member of Meat_Farm~Maximo~Maximo 411 CMS~W
MEAT\mmercier is already a member of Meat_Farm~Maximo~Maximo 411 CMS~W
ERROR:  MEAT\ was not added to Meat_Farm~Maximo~Maximo 411 CMS~W
ERROR:  MEAT\ was not added to Meat_Farm~Maximo~Maximo 411 CMS~W
MEAT\mmorale9 is already a member of Meat_Farm~Maximo~Maximo 411 CMS~W
MEAT\mmsalas is already a member of Meat_Farm~Maximo~Maximo 411 CMS~W
MEAT\mmurray1 is already a member of Meat_Farm~Maximo~Maximo 411 CMS~W
MEAT\mnadeau is already a member of Meat_Farm~Maximo~Maximo 411 CMS~W
MEAT\mnadeem is already a member of Meat_Farm~Maximo~Maximo 411 CMS~W
MEAT\mneill is already a member of Meat_Farm~Maximo~Maximo 411 CMS~W
MEAT\mnorris is already a member of Meat_Farm~Maximo~Maximo 411 CMS~W
MEAT\moleary is already a member of Meat_Farm~Maximo~Maximo 411 CMS~W
MEAT\moparker is already a member of Meat_Farm~Maximo~Maximo 411 CMS~W
ERROR:  MEAT\ was not added to Meat_Farm~Maximo~Maximo 411 CMS~W
ERROR:  MEAT\ was not added to Meat_Farm~Maximo~Maximo 411 CMS~W
ERROR:  MEAT\ was not added to Meat_Farm~Maximo~Maximo 411 CMS~W
MEAT\mperez20 is already a member of Meat_Farm~Maximo~Maximo 411 CMS~W
MEAT\mpestori is already a member of Meat_Farm~Maximo~Maximo 411 CMS~W
MEAT\mpinzino is already a member of Meat_Farm~Maximo~Maximo 411 CMS~W
added MEAT\mpop to Meat_Farm~Maximo~Maximo 411 CMS~W
MEAT\mpopp is already a member of Meat_Farm~Maximo~Maximo 411 CMS~W
ERROR:  MEAT\ was not added to Meat_Farm~Maximo~Maximo 411 CMS~W
MEAT\mprather is already a member of Meat_Farm~Maximo~Maximo 411 CMS~W
MEAT\mproulxj is already a member of Meat_Farm~Maximo~Maximo 411 CMS~W
ERROR:  MEAT\ was not added to Meat_Farm~Maximo~Maximo 411 CMS~W
ERROR:  MEAT\ was not added to Meat_Farm~Maximo~Maximo 411 CMS~W
MEAT\mreed2 is already a member of Meat_Farm~Maximo~Maximo 411 CMS~W
ERROR:  MEAT\ was not added to Meat_Farm~Maximo~Maximo 411 CMS~W
MEAT\mresende is already a member of Meat_Farm~Maximo~Maximo 411 CMS~W
MEAT\mreynol2 is already a member of Meat_Farm~Maximo~Maximo 411 CMS~W
ERROR:  MEAT\ was not added to Meat_Farm~Maximo~Maximo 411 CMS~W
ERROR:  MEAT\ was not added to Meat_Farm~Maximo~Maximo 411 CMS~W
MEAT\mrobbins is already a member of Meat_Farm~Maximo~Maximo 411 CMS~W
ERROR:  MEAT\ was not added to Meat_Farm~Maximo~Maximo 411 CMS~W
MEAT\mrochner is already a member of Meat_Farm~Maximo~Maximo 411 CMS~W
ERROR:  MEAT\ was not added to Meat_Farm~Maximo~Maximo 411 CMS~W
MEAT\mroof is already a member of Meat_Farm~Maximo~Maximo 411 CMS~W
MEAT\mruiz5 is already a member of Meat_Farm~Maximo~Maximo 411 CMS~W
MEAT\msass is already a member of Meat_Farm~Maximo~Maximo 411 CMS~W
added MEAT\mscott to Meat_Farm~Maximo~Maximo 411 CMS~W
MEAT\mshanhol is already a member of Meat_Farm~Maximo~Maximo 411 CMS~W
ERROR:  MEAT\ was not added to Meat_Farm~Maximo~Maximo 411 CMS~W
MEAT\mshullaw is already a member of Meat_Farm~Maximo~Maximo 411 CMS~W
ERROR:  MEAT\ was not added to Meat_Farm~Maximo~Maximo 411 CMS~W
MEAT\mslessor is already a member of Meat_Farm~Maximo~Maximo 411 CMS~W
ERROR:  MEAT\ was not added to Meat_Farm~Maximo~Maximo 411 CMS~W
MEAT\msmith7 is already a member of Meat_Farm~Maximo~Maximo 411 CMS~W
ERROR:  MEAT\ was not added to Meat_Farm~Maximo~Maximo 411 CMS~W
ERROR:  MEAT\ was not added to Meat_Farm~Maximo~Maximo 411 CMS~W
MEAT\mtan3 is already a member of Meat_Farm~Maximo~Maximo 411 CMS~W
MEAT\mthomps1 is already a member of Meat_Farm~Maximo~Maximo 411 CMS~W
MEAT\mtippett is already a member of Meat_Farm~Maximo~Maximo 411 CMS~W
MEAT\mvang1 is already a member of Meat_Farm~Maximo~Maximo 411 CMS~W
MEAT\mvanicek is already a member of Meat_Farm~Maximo~Maximo 411 CMS~W
MEAT\mwalling is already a member of Meat_Farm~Maximo~Maximo 411 CMS~W
MEAT\mwalston is already a member of Meat_Farm~Maximo~Maximo 411 CMS~W
MEAT\mwelch is already a member of Meat_Farm~Maximo~Maximo 411 CMS~W
MEAT\mwestlak is already a member of Meat_Farm~Maximo~Maximo 411 CMS~W
MEAT\mwetzel is already a member of Meat_Farm~Maximo~Maximo 411 CMS~W
ERROR:  MEAT\ was not added to Meat_Farm~Maximo~Maximo 411 CMS~W
MEAT\mwilde is already a member of Meat_Farm~Maximo~Maximo 411 CMS~W
